2025-08-05 14:17:47 - Algorithm_Tutorial - ERROR - 平台错误: No module named 'visualization.animator'
2025-08-05 14:17:47 - Algorithm_Tutorial - ERROR - 平台错误: No module named 'visualization.animator'
2025-08-05 14:17:47 - Algorithm_Tutorial - INFO - Algorithm Tutorial平台关闭
2025-08-05 14:17:47 - Algorithm_Tutorial - INFO - Algorithm Tutorial平台关闭
2025-08-05 15:07:19 - Algorithm_Tutorial - INFO - 正在初始化算法和数据结构...
2025-08-05 15:07:19 - Algorithm_Tutorial - INFO - 正在初始化算法和数据结构...
2025-08-05 15:07:19 - Algorithm_Tutorial - INFO - 初始化完成，共注册 0 个算法，0 个数据结构
2025-08-05 15:07:19 - Algorithm_Tutorial - INFO - 初始化完成，共注册 0 个算法，0 个数据结构
2025-08-05 15:07:19 - Algorithm_Tutorial - ERROR - 平台错误: No module named 'visualization.animator'
2025-08-05 15:07:19 - Algorithm_Tutorial - ERROR - 平台错误: No module named 'visualization.animator'
2025-08-05 15:07:19 - Algorithm_Tutorial - INFO - Algorithm Tutorial平台关闭
2025-08-05 15:07:19 - Algorithm_Tutorial - INFO - Algorithm Tutorial平台关闭
2025-08-05 15:10:02 - Algorithm_Tutorial - INFO - 初始化完成，共注册 0 个算法，0 个数据结构
2025-08-05 15:10:02 - Algorithm_Tutorial - INFO - 初始化完成，共注册 0 个算法，0 个数据结构
2025-08-05 15:10:02 - Algorithm_Tutorial - ERROR - 平台错误: No module named 'matplotlib'
2025-08-05 15:10:02 - Algorithm_Tutorial - ERROR - 平台错误: No module named 'matplotlib'
2025-08-05 15:10:02 - Algorithm_Tutorial - INFO - Algorithm Tutorial平台关闭
2025-08-05 15:10:02 - Algorithm_Tutorial - INFO - Algorithm Tutorial平台关闭
2025-08-05 15:10:15 - Algorithm_Tutorial - INFO - 正在初始化算法和数据结构...
2025-08-05 15:10:15 - Algorithm_Tutorial - INFO - 正在初始化算法和数据结构...
2025-08-05 15:10:15 - Algorithm_Tutorial - INFO - 初始化完成，共注册 0 个算法，0 个数据结构
2025-08-05 15:10:15 - Algorithm_Tutorial - INFO - 初始化完成，共注册 0 个算法，0 个数据结构
2025-08-05 15:10:16 - Algorithm_Tutorial - INFO - 用户界面初始化完成
2025-08-05 15:10:16 - Algorithm_Tutorial - INFO - 用户界面初始化完成
2025-08-05 15:10:16 - Algorithm_Tutorial - INFO - 用户界面启动
2025-08-05 15:10:16 - Algorithm_Tutorial - INFO - 用户界面启动
2025-08-05 15:10:16 - Algorithm_Tutorial - INFO - 用户界面启动
2025-08-05 15:10:50 - Algorithm_Tutorial - INFO - 用户退出平台
2025-08-05 15:10:50 - Algorithm_Tutorial - INFO - 用户退出平台
2025-08-05 15:10:50 - Algorithm_Tutorial - INFO - 用户退出平台
2025-08-05 15:10:50 - Algorithm_Tutorial - INFO - Algorithm Tutorial平台关闭
2025-08-05 15:10:50 - Algorithm_Tutorial - INFO - Algorithm Tutorial平台关闭
2025-08-05 15:10:50 - Algorithm_Tutorial - INFO - Algorithm Tutorial平台关闭
2025-08-05 17:26:04 - Algorithm_Tutorial - INFO - 初始化完成，共注册 0 个算法，0 个数据结构
2025-08-05 17:26:04 - Algorithm_Tutorial - INFO - 初始化完成，共注册 0 个算法，0 个数据结构
2025-08-05 17:26:06 - Algorithm_Tutorial - INFO - 用户界面初始化完成
2025-08-05 17:26:06 - Algorithm_Tutorial - INFO - 用户界面初始化完成
2025-08-05 17:26:06 - Algorithm_Tutorial - INFO - 用户界面启动
2025-08-05 17:26:06 - Algorithm_Tutorial - INFO - 用户界面启动
2025-08-05 17:26:09 - Algorithm_Tutorial - INFO - 用户退出平台
2025-08-05 17:26:09 - Algorithm_Tutorial - INFO - 用户退出平台
2025-08-05 17:26:09 - Algorithm_Tutorial - INFO - 用户退出平台
2025-08-05 17:26:09 - Algorithm_Tutorial - INFO - Algorithm Tutorial平台关闭
2025-08-05 17:26:09 - Algorithm_Tutorial - INFO - Algorithm Tutorial平台关闭
2025-08-05 17:26:09 - Algorithm_Tutorial - INFO - Algorithm Tutorial平台关闭
2025-08-05 20:58:18 - Algorithm_Tutorial - INFO - 开始条件线性搜索
2025-08-05 20:58:18 - Algorithm_Tutorial - INFO - 找到满足条件的元素在位置 5: 11
2025-08-05 20:58:18 - Algorithm_Tutorial - INFO - 开始搜索所有出现位置，目标元素: 5
2025-08-05 20:58:18 - Algorithm_Tutorial - INFO - 找到 3 个目标元素 5
2025-08-05 20:58:18 - Algorithm_Tutorial - INFO - 算法 'BinarySearch' 初始化完成
2025-08-05 20:58:18 - Algorithm_Tutorial - INFO - 开始二分搜索，目标元素: 7
2025-08-05 20:58:18 - Algorithm_Tutorial - INFO - 找到目标元素 7 在位置 3
2025-08-05 20:58:18 - Algorithm_Tutorial - INFO - 找到目标元素 7 在位置 3
2025-08-05 20:58:18 - Algorithm_Tutorial - INFO - 开始二分搜索第一次出现位置，目标元素: 5
2025-08-05 20:58:18 - Algorithm_Tutorial - INFO - 开始二分搜索第一次出现位置，目标元素: 5
2025-08-05 20:58:18 - Algorithm_Tutorial - INFO - 找到目标元素 5 第一次出现在位置 2
2025-08-05 20:58:18 - Algorithm_Tutorial - INFO - 找到目标元素 5 第一次出现在位置 2
2025-08-05 20:58:18 - Algorithm_Tutorial - INFO - 开始二分搜索最后一次出现位置，目标元素: 5
2025-08-05 20:58:18 - Algorithm_Tutorial - INFO - 开始二分搜索最后一次出现位置，目标元素: 5
2025-08-05 20:58:18 - Algorithm_Tutorial - INFO - 找到目标元素 5 最后一次出现在位置 4
2025-08-05 20:58:18 - Algorithm_Tutorial - INFO - 找到目标元素 5 最后一次出现在位置 4
2025-08-05 20:58:18 - Algorithm_Tutorial - INFO - 算法 'JumpSearch' 初始化完成
2025-08-05 20:58:18 - Algorithm_Tutorial - INFO - 算法 'JumpSearch' 初始化完成
2025-08-05 20:58:18 - Algorithm_Tutorial - INFO - 开始跳跃搜索，目标元素: 11
2025-08-05 20:58:18 - Algorithm_Tutorial - INFO - 开始跳跃搜索，目标元素: 11
2025-08-05 20:58:18 - Algorithm_Tutorial - INFO - 开始跳跃搜索，目标元素: 11
2025-08-05 20:58:18 - Algorithm_Tutorial - INFO - 跳跃步长: 3
2025-08-05 20:58:18 - Algorithm_Tutorial - INFO - 跳跃步长: 3
2025-08-05 20:58:18 - Algorithm_Tutorial - INFO - 跳跃步长: 3
2025-08-05 20:58:18 - Algorithm_Tutorial - INFO - 找到目标元素 11 在位置 5
2025-08-05 20:58:18 - Algorithm_Tutorial - INFO - 找到目标元素 11 在位置 5
2025-08-05 20:58:18 - Algorithm_Tutorial - INFO - 找到目标元素 11 在位置 5
2025-08-05 20:58:18 - Algorithm_Tutorial - INFO - 算法 'InterpolationSearch' 初始化完成
2025-08-05 20:58:18 - Algorithm_Tutorial - INFO - 算法 'InterpolationSearch' 初始化完成
2025-08-05 20:58:18 - Algorithm_Tutorial - INFO - 算法 'InterpolationSearch' 初始化完成
2025-08-05 20:58:18 - Algorithm_Tutorial - INFO - 开始插值搜索，目标元素: 11
2025-08-05 20:58:18 - Algorithm_Tutorial - INFO - 开始插值搜索，目标元素: 11
2025-08-05 20:58:18 - Algorithm_Tutorial - INFO - 开始插值搜索，目标元素: 11
2025-08-05 20:58:18 - Algorithm_Tutorial - INFO - 开始插值搜索，目标元素: 11
2025-08-05 20:58:18 - Algorithm_Tutorial - INFO - 找到目标元素 11 在位置 5
2025-08-05 20:58:18 - Algorithm_Tutorial - INFO - 找到目标元素 11 在位置 5
2025-08-05 20:58:18 - Algorithm_Tutorial - INFO - 找到目标元素 11 在位置 5
2025-08-05 20:58:18 - Algorithm_Tutorial - INFO - 找到目标元素 11 在位置 5
2025-08-05 20:58:18 - Algorithm_Tutorial - INFO - 算法 'ExponentialSearch' 初始化完成
2025-08-05 20:58:18 - Algorithm_Tutorial - INFO - 算法 'ExponentialSearch' 初始化完成
2025-08-05 20:58:18 - Algorithm_Tutorial - INFO - 算法 'ExponentialSearch' 初始化完成
2025-08-05 20:58:18 - Algorithm_Tutorial - INFO - 算法 'ExponentialSearch' 初始化完成
2025-08-05 20:58:18 - Algorithm_Tutorial - INFO - 开始指数搜索，目标元素: 11
2025-08-05 20:58:18 - Algorithm_Tutorial - INFO - 开始指数搜索，目标元素: 11
2025-08-05 20:58:18 - Algorithm_Tutorial - INFO - 开始指数搜索，目标元素: 11
2025-08-05 20:58:18 - Algorithm_Tutorial - INFO - 开始指数搜索，目标元素: 11
2025-08-05 20:58:18 - Algorithm_Tutorial - INFO - 开始指数搜索，目标元素: 11
2025-08-05 20:58:18 - Algorithm_Tutorial - INFO - 在范围 [4, 8] 内进行二分搜索
2025-08-05 20:58:18 - Algorithm_Tutorial - INFO - 在范围 [4, 8] 内进行二分搜索
2025-08-05 20:58:18 - Algorithm_Tutorial - INFO - 在范围 [4, 8] 内进行二分搜索
2025-08-05 20:58:18 - Algorithm_Tutorial - INFO - 在范围 [4, 8] 内进行二分搜索
2025-08-05 20:58:18 - Algorithm_Tutorial - INFO - 在范围 [4, 8] 内进行二分搜索
2025-08-05 20:58:18 - Algorithm_Tutorial - INFO - 找到目标元素 11 在位置 5
2025-08-05 20:58:18 - Algorithm_Tutorial - INFO - 找到目标元素 11 在位置 5
2025-08-05 20:58:18 - Algorithm_Tutorial - INFO - 找到目标元素 11 在位置 5
2025-08-05 20:58:18 - Algorithm_Tutorial - INFO - 找到目标元素 11 在位置 5
2025-08-05 20:58:18 - Algorithm_Tutorial - INFO - 找到目标元素 11 在位置 5
2025-08-05 20:58:18 - Algorithm_Tutorial - INFO - 开始指数搜索，目标元素: 11
2025-08-05 20:58:18 - Algorithm_Tutorial - INFO - 开始指数搜索，目标元素: 11
2025-08-05 20:58:18 - Algorithm_Tutorial - INFO - 开始指数搜索，目标元素: 11
2025-08-05 20:58:18 - Algorithm_Tutorial - INFO - 开始指数搜索，目标元素: 11
2025-08-05 20:58:18 - Algorithm_Tutorial - INFO - 开始指数搜索，目标元素: 11
2025-08-05 20:58:18 - Algorithm_Tutorial - ERROR - 指数搜索失败: object of type 'function' has no len()
2025-08-05 20:58:18 - Algorithm_Tutorial - ERROR - 指数搜索失败: object of type 'function' has no len()
2025-08-05 20:58:18 - Algorithm_Tutorial - ERROR - 指数搜索失败: object of type 'function' has no len()
2025-08-05 20:58:18 - Algorithm_Tutorial - ERROR - 指数搜索失败: object of type 'function' has no len()
2025-08-05 20:58:18 - Algorithm_Tutorial - ERROR - 指数搜索失败: object of type 'function' has no len()
2025-08-05 20:59:05 - Algorithm_Tutorial - INFO - 找到目标元素 7 在位置 3
2025-08-05 20:59:05 - Algorithm_Tutorial - INFO - 开始条件线性搜索
2025-08-05 20:59:05 - Algorithm_Tutorial - INFO - 找到满足条件的元素在位置 5: 11
2025-08-05 20:59:05 - Algorithm_Tutorial - INFO - 开始搜索所有出现位置，目标元素: 5
2025-08-05 20:59:05 - Algorithm_Tutorial - INFO - 找到 3 个目标元素 5
2025-08-05 20:59:05 - Algorithm_Tutorial - INFO - 算法 'BinarySearch' 初始化完成
2025-08-05 20:59:05 - Algorithm_Tutorial - INFO - 开始二分搜索，目标元素: 7
2025-08-05 20:59:05 - Algorithm_Tutorial - INFO - 找到目标元素 7 在位置 3
2025-08-05 20:59:05 - Algorithm_Tutorial - INFO - 找到目标元素 7 在位置 3
2025-08-05 20:59:05 - Algorithm_Tutorial - INFO - 开始二分搜索第一次出现位置，目标元素: 5
2025-08-05 20:59:05 - Algorithm_Tutorial - INFO - 开始二分搜索第一次出现位置，目标元素: 5
2025-08-05 20:59:05 - Algorithm_Tutorial - INFO - 找到目标元素 5 第一次出现在位置 2
2025-08-05 20:59:05 - Algorithm_Tutorial - INFO - 找到目标元素 5 第一次出现在位置 2
2025-08-05 20:59:05 - Algorithm_Tutorial - INFO - 开始二分搜索最后一次出现位置，目标元素: 5
2025-08-05 20:59:05 - Algorithm_Tutorial - INFO - 开始二分搜索最后一次出现位置，目标元素: 5
2025-08-05 20:59:05 - Algorithm_Tutorial - INFO - 找到目标元素 5 最后一次出现在位置 4
2025-08-05 20:59:05 - Algorithm_Tutorial - INFO - 找到目标元素 5 最后一次出现在位置 4
2025-08-05 20:59:05 - Algorithm_Tutorial - INFO - 算法 'JumpSearch' 初始化完成
2025-08-05 20:59:05 - Algorithm_Tutorial - INFO - 算法 'JumpSearch' 初始化完成
2025-08-05 20:59:05 - Algorithm_Tutorial - INFO - 开始跳跃搜索，目标元素: 11
2025-08-05 20:59:05 - Algorithm_Tutorial - INFO - 开始跳跃搜索，目标元素: 11
2025-08-05 20:59:05 - Algorithm_Tutorial - INFO - 跳跃步长: 3
2025-08-05 20:59:05 - Algorithm_Tutorial - INFO - 跳跃步长: 3
2025-08-05 20:59:05 - Algorithm_Tutorial - INFO - 跳跃步长: 3
2025-08-05 20:59:05 - Algorithm_Tutorial - INFO - 找到目标元素 11 在位置 5
2025-08-05 20:59:05 - Algorithm_Tutorial - INFO - 找到目标元素 11 在位置 5
2025-08-05 20:59:05 - Algorithm_Tutorial - INFO - 找到目标元素 11 在位置 5
2025-08-05 20:59:05 - Algorithm_Tutorial - INFO - 算法 'InterpolationSearch' 初始化完成
2025-08-05 20:59:05 - Algorithm_Tutorial - INFO - 算法 'InterpolationSearch' 初始化完成
2025-08-05 20:59:05 - Algorithm_Tutorial - INFO - 算法 'InterpolationSearch' 初始化完成
2025-08-05 20:59:05 - Algorithm_Tutorial - INFO - 开始插值搜索，目标元素: 11
2025-08-05 20:59:05 - Algorithm_Tutorial - INFO - 开始插值搜索，目标元素: 11
2025-08-05 20:59:05 - Algorithm_Tutorial - INFO - 开始插值搜索，目标元素: 11
2025-08-05 20:59:05 - Algorithm_Tutorial - INFO - 开始插值搜索，目标元素: 11
2025-08-05 20:59:05 - Algorithm_Tutorial - INFO - 找到目标元素 11 在位置 5
2025-08-05 20:59:05 - Algorithm_Tutorial - INFO - 找到目标元素 11 在位置 5
2025-08-05 20:59:05 - Algorithm_Tutorial - INFO - 找到目标元素 11 在位置 5
2025-08-05 20:59:05 - Algorithm_Tutorial - INFO - 找到目标元素 11 在位置 5
2025-08-05 20:59:05 - Algorithm_Tutorial - INFO - 算法 'ExponentialSearch' 初始化完成
2025-08-05 20:59:05 - Algorithm_Tutorial - INFO - 算法 'ExponentialSearch' 初始化完成
2025-08-05 20:59:05 - Algorithm_Tutorial - INFO - 算法 'ExponentialSearch' 初始化完成
2025-08-05 20:59:05 - Algorithm_Tutorial - INFO - 算法 'ExponentialSearch' 初始化完成
2025-08-05 20:59:05 - Algorithm_Tutorial - INFO - 开始指数搜索，目标元素: 11
2025-08-05 20:59:05 - Algorithm_Tutorial - INFO - 开始指数搜索，目标元素: 11
2025-08-05 20:59:05 - Algorithm_Tutorial - INFO - 开始指数搜索，目标元素: 11
2025-08-05 20:59:05 - Algorithm_Tutorial - INFO - 开始指数搜索，目标元素: 11
2025-08-05 20:59:05 - Algorithm_Tutorial - INFO - 开始指数搜索，目标元素: 11
2025-08-05 20:59:05 - Algorithm_Tutorial - INFO - 在范围 [4, 8] 内进行二分搜索
2025-08-05 20:59:05 - Algorithm_Tutorial - INFO - 在范围 [4, 8] 内进行二分搜索
2025-08-05 20:59:05 - Algorithm_Tutorial - INFO - 在范围 [4, 8] 内进行二分搜索
2025-08-05 20:59:05 - Algorithm_Tutorial - INFO - 在范围 [4, 8] 内进行二分搜索
2025-08-05 20:59:05 - Algorithm_Tutorial - INFO - 在范围 [4, 8] 内进行二分搜索
2025-08-05 20:59:05 - Algorithm_Tutorial - INFO - 找到目标元素 11 在位置 5
2025-08-05 20:59:05 - Algorithm_Tutorial - INFO - 找到目标元素 11 在位置 5
2025-08-05 20:59:05 - Algorithm_Tutorial - INFO - 找到目标元素 11 在位置 5
2025-08-05 20:59:05 - Algorithm_Tutorial - INFO - 找到目标元素 11 在位置 5
2025-08-05 20:59:05 - Algorithm_Tutorial - INFO - 找到目标元素 11 在位置 5
2025-08-05 20:59:05 - Algorithm_Tutorial - INFO - 开始无界指数搜索，目标元素: 11
2025-08-05 20:59:05 - Algorithm_Tutorial - INFO - 开始无界指数搜索，目标元素: 11
2025-08-05 20:59:05 - Algorithm_Tutorial - INFO - 开始无界指数搜索，目标元素: 11
2025-08-05 20:59:05 - Algorithm_Tutorial - INFO - 开始无界指数搜索，目标元素: 11
2025-08-05 20:59:05 - Algorithm_Tutorial - INFO - 开始无界指数搜索，目标元素: 11
2025-08-05 20:59:05 - Algorithm_Tutorial - INFO - 在范围 [4, 8] 内进行二分搜索
2025-08-05 20:59:05 - Algorithm_Tutorial - INFO - 在范围 [4, 8] 内进行二分搜索
2025-08-05 20:59:05 - Algorithm_Tutorial - INFO - 在范围 [4, 8] 内进行二分搜索
2025-08-05 20:59:05 - Algorithm_Tutorial - INFO - 在范围 [4, 8] 内进行二分搜索
2025-08-05 20:59:05 - Algorithm_Tutorial - INFO - 在范围 [4, 8] 内进行二分搜索
2025-08-05 20:59:05 - Algorithm_Tutorial - INFO - 找到目标元素 11 在位置 5
2025-08-05 20:59:05 - Algorithm_Tutorial - INFO - 找到目标元素 11 在位置 5
2025-08-05 20:59:05 - Algorithm_Tutorial - INFO - 找到目标元素 11 在位置 5
2025-08-05 20:59:05 - Algorithm_Tutorial - INFO - 找到目标元素 11 在位置 5
2025-08-05 20:59:05 - Algorithm_Tutorial - INFO - 找到目标元素 11 在位置 5
2025-08-05 21:00:13 - Algorithm_Tutorial - INFO - 开始条件线性搜索
2025-08-05 21:00:13 - Algorithm_Tutorial - INFO - 找到满足条件的元素在位置 5: 11
2025-08-05 21:00:13 - Algorithm_Tutorial - INFO - 开始搜索所有出现位置，目标元素: 5
2025-08-05 21:00:13 - Algorithm_Tutorial - INFO - 找到 3 个目标元素 5
2025-08-05 21:00:13 - Algorithm_Tutorial - INFO - 算法 'BinarySearch' 初始化完成
2025-08-05 21:00:13 - Algorithm_Tutorial - INFO - 开始二分搜索，目标元素: 7
2025-08-05 21:00:13 - Algorithm_Tutorial - INFO - 找到目标元素 7 在位置 3
2025-08-05 21:00:13 - Algorithm_Tutorial - INFO - 找到目标元素 7 在位置 3
2025-08-05 21:00:13 - Algorithm_Tutorial - INFO - 开始二分搜索第一次出现位置，目标元素: 5
2025-08-05 21:00:13 - Algorithm_Tutorial - INFO - 开始二分搜索第一次出现位置，目标元素: 5
2025-08-05 21:00:13 - Algorithm_Tutorial - INFO - 找到目标元素 5 第一次出现在位置 2
2025-08-05 21:00:13 - Algorithm_Tutorial - INFO - 找到目标元素 5 第一次出现在位置 2
2025-08-05 21:00:13 - Algorithm_Tutorial - INFO - 开始二分搜索最后一次出现位置，目标元素: 5
2025-08-05 21:00:13 - Algorithm_Tutorial - INFO - 开始二分搜索最后一次出现位置，目标元素: 5
2025-08-05 21:00:13 - Algorithm_Tutorial - INFO - 找到目标元素 5 最后一次出现在位置 4
2025-08-05 21:00:13 - Algorithm_Tutorial - INFO - 找到目标元素 5 最后一次出现在位置 4
2025-08-05 21:00:13 - Algorithm_Tutorial - INFO - 算法 'JumpSearch' 初始化完成
2025-08-05 21:00:13 - Algorithm_Tutorial - INFO - 算法 'JumpSearch' 初始化完成
2025-08-05 21:00:13 - Algorithm_Tutorial - INFO - 开始跳跃搜索，目标元素: 11
2025-08-05 21:00:13 - Algorithm_Tutorial - INFO - 开始跳跃搜索，目标元素: 11
2025-08-05 21:00:13 - Algorithm_Tutorial - INFO - 开始跳跃搜索，目标元素: 11
2025-08-05 21:00:13 - Algorithm_Tutorial - INFO - 跳跃步长: 3
2025-08-05 21:00:13 - Algorithm_Tutorial - INFO - 跳跃步长: 3
2025-08-05 21:00:13 - Algorithm_Tutorial - INFO - 跳跃步长: 3
2025-08-05 21:00:13 - Algorithm_Tutorial - INFO - 找到目标元素 11 在位置 5
2025-08-05 21:00:13 - Algorithm_Tutorial - INFO - 找到目标元素 11 在位置 5
2025-08-05 21:00:13 - Algorithm_Tutorial - INFO - 找到目标元素 11 在位置 5
2025-08-05 21:00:13 - Algorithm_Tutorial - INFO - 算法 'InterpolationSearch' 初始化完成
2025-08-05 21:00:13 - Algorithm_Tutorial - INFO - 算法 'InterpolationSearch' 初始化完成
2025-08-05 21:00:13 - Algorithm_Tutorial - INFO - 算法 'InterpolationSearch' 初始化完成
2025-08-05 21:00:13 - Algorithm_Tutorial - INFO - 开始插值搜索，目标元素: 11
2025-08-05 21:00:13 - Algorithm_Tutorial - INFO - 开始插值搜索，目标元素: 11
2025-08-05 21:00:13 - Algorithm_Tutorial - INFO - 开始插值搜索，目标元素: 11
2025-08-05 21:00:13 - Algorithm_Tutorial - INFO - 找到目标元素 11 在位置 5
2025-08-05 21:00:13 - Algorithm_Tutorial - INFO - 找到目标元素 11 在位置 5
2025-08-05 21:00:13 - Algorithm_Tutorial - INFO - 找到目标元素 11 在位置 5
2025-08-05 21:00:13 - Algorithm_Tutorial - INFO - 找到目标元素 11 在位置 5
2025-08-05 21:00:13 - Algorithm_Tutorial - INFO - 算法 'ExponentialSearch' 初始化完成
2025-08-05 21:00:13 - Algorithm_Tutorial - INFO - 算法 'ExponentialSearch' 初始化完成
2025-08-05 21:00:13 - Algorithm_Tutorial - INFO - 算法 'ExponentialSearch' 初始化完成
2025-08-05 21:00:13 - Algorithm_Tutorial - INFO - 算法 'ExponentialSearch' 初始化完成
2025-08-05 21:00:13 - Algorithm_Tutorial - INFO - 开始指数搜索，目标元素: 11
2025-08-05 21:00:13 - Algorithm_Tutorial - INFO - 开始指数搜索，目标元素: 11
2025-08-05 21:00:13 - Algorithm_Tutorial - INFO - 开始指数搜索，目标元素: 11
2025-08-05 21:00:13 - Algorithm_Tutorial - INFO - 开始指数搜索，目标元素: 11
2025-08-05 21:00:13 - Algorithm_Tutorial - INFO - 在范围 [4, 8] 内进行二分搜索
2025-08-05 21:00:13 - Algorithm_Tutorial - INFO - 在范围 [4, 8] 内进行二分搜索
2025-08-05 21:00:13 - Algorithm_Tutorial - INFO - 在范围 [4, 8] 内进行二分搜索
2025-08-05 21:00:13 - Algorithm_Tutorial - INFO - 在范围 [4, 8] 内进行二分搜索
2025-08-05 21:00:13 - Algorithm_Tutorial - INFO - 在范围 [4, 8] 内进行二分搜索
2025-08-05 21:00:13 - Algorithm_Tutorial - INFO - 找到目标元素 11 在位置 5
2025-08-05 21:00:13 - Algorithm_Tutorial - INFO - 找到目标元素 11 在位置 5
2025-08-05 21:00:13 - Algorithm_Tutorial - INFO - 找到目标元素 11 在位置 5
2025-08-05 21:00:13 - Algorithm_Tutorial - INFO - 找到目标元素 11 在位置 5
2025-08-05 21:00:13 - Algorithm_Tutorial - INFO - 找到目标元素 11 在位置 5
2025-08-05 21:00:13 - Algorithm_Tutorial - INFO - 开始无界指数搜索，目标元素: 11
2025-08-05 21:00:13 - Algorithm_Tutorial - INFO - 开始无界指数搜索，目标元素: 11
2025-08-05 21:00:13 - Algorithm_Tutorial - INFO - 开始无界指数搜索，目标元素: 11
2025-08-05 21:00:13 - Algorithm_Tutorial - INFO - 开始无界指数搜索，目标元素: 11
2025-08-05 21:00:13 - Algorithm_Tutorial - INFO - 开始无界指数搜索，目标元素: 11
2025-08-05 21:00:13 - Algorithm_Tutorial - INFO - 在范围 [4, 8] 内进行二分搜索
2025-08-05 21:00:13 - Algorithm_Tutorial - INFO - 在范围 [4, 8] 内进行二分搜索
2025-08-05 21:00:13 - Algorithm_Tutorial - INFO - 在范围 [4, 8] 内进行二分搜索
2025-08-05 21:00:13 - Algorithm_Tutorial - INFO - 在范围 [4, 8] 内进行二分搜索
2025-08-05 21:00:13 - Algorithm_Tutorial - INFO - 在范围 [4, 8] 内进行二分搜索
2025-08-05 21:00:13 - Algorithm_Tutorial - INFO - 找到目标元素 11 在位置 5
2025-08-05 21:00:13 - Algorithm_Tutorial - INFO - 找到目标元素 11 在位置 5
2025-08-05 21:00:13 - Algorithm_Tutorial - INFO - 找到目标元素 11 在位置 5
2025-08-05 21:00:13 - Algorithm_Tutorial - INFO - 找到目标元素 11 在位置 5
2025-08-05 21:00:13 - Algorithm_Tutorial - INFO - 找到目标元素 11 在位置 5
2025-08-05 21:00:13 - Algorithm_Tutorial - INFO - 数据结构 'Graph' 初始化完成
2025-08-05 21:00:13 - Algorithm_Tutorial - INFO - 数据结构 'Graph' 初始化完成
2025-08-05 21:00:13 - Algorithm_Tutorial - INFO - 数据结构 'Graph' 初始化完成
2025-08-05 21:00:13 - Algorithm_Tutorial - INFO - 数据结构 'Graph' 初始化完成
2025-08-05 21:00:13 - Algorithm_Tutorial - INFO - 数据结构 'Graph' 初始化完成
2025-08-05 21:00:13 - Algorithm_Tutorial - INFO - 添加顶点 A
2025-08-05 21:00:13 - Algorithm_Tutorial - INFO - 添加顶点 A
2025-08-05 21:00:13 - Algorithm_Tutorial - INFO - 添加顶点 A
2025-08-05 21:00:13 - Algorithm_Tutorial - INFO - 添加顶点 A
2025-08-05 21:00:13 - Algorithm_Tutorial - INFO - 添加顶点 A
2025-08-05 21:00:13 - Algorithm_Tutorial - INFO - 添加顶点 B
2025-08-05 21:00:13 - Algorithm_Tutorial - INFO - 添加顶点 B
2025-08-05 21:00:13 - Algorithm_Tutorial - INFO - 添加顶点 B
2025-08-05 21:00:13 - Algorithm_Tutorial - INFO - 添加顶点 B
2025-08-05 21:00:13 - Algorithm_Tutorial - INFO - 添加顶点 B
2025-08-05 21:00:13 - Algorithm_Tutorial - INFO - 添加顶点 B
2025-08-05 21:00:13 - Algorithm_Tutorial - INFO - 添加顶点 C
2025-08-05 21:00:13 - Algorithm_Tutorial - INFO - 添加顶点 C
2025-08-05 21:00:13 - Algorithm_Tutorial - INFO - 添加顶点 C
2025-08-05 21:00:13 - Algorithm_Tutorial - INFO - 添加顶点 C
2025-08-05 21:00:13 - Algorithm_Tutorial - INFO - 添加顶点 C
2025-08-05 21:00:13 - Algorithm_Tutorial - INFO - 添加顶点 C
2025-08-05 21:00:13 - Algorithm_Tutorial - INFO - 添加顶点 D
2025-08-05 21:00:13 - Algorithm_Tutorial - INFO - 添加顶点 D
2025-08-05 21:00:13 - Algorithm_Tutorial - INFO - 添加顶点 D
2025-08-05 21:00:13 - Algorithm_Tutorial - INFO - 添加顶点 D
2025-08-05 21:00:13 - Algorithm_Tutorial - INFO - 添加顶点 D
2025-08-05 21:00:13 - Algorithm_Tutorial - INFO - 添加顶点 D
2025-08-05 21:00:13 - Algorithm_Tutorial - INFO - 添加顶点 E
2025-08-05 21:00:13 - Algorithm_Tutorial - INFO - 添加顶点 E
2025-08-05 21:00:13 - Algorithm_Tutorial - INFO - 添加顶点 E
2025-08-05 21:00:13 - Algorithm_Tutorial - INFO - 添加顶点 E
2025-08-05 21:00:13 - Algorithm_Tutorial - INFO - 添加顶点 E
2025-08-05 21:00:13 - Algorithm_Tutorial - INFO - 添加顶点 E
2025-08-05 21:00:13 - Algorithm_Tutorial - INFO - 添加顶点 F
2025-08-05 21:00:13 - Algorithm_Tutorial - INFO - 添加顶点 F
2025-08-05 21:00:13 - Algorithm_Tutorial - INFO - 添加顶点 F
2025-08-05 21:00:13 - Algorithm_Tutorial - INFO - 添加顶点 F
2025-08-05 21:00:13 - Algorithm_Tutorial - INFO - 添加顶点 F
2025-08-05 21:00:13 - Algorithm_Tutorial - INFO - 添加顶点 F
2025-08-05 21:00:13 - Algorithm_Tutorial - INFO - 添加边 A -> B (权重: 1)
2025-08-05 21:00:13 - Algorithm_Tutorial - INFO - 添加边 A -> B (权重: 1)
2025-08-05 21:00:13 - Algorithm_Tutorial - INFO - 添加边 A -> B (权重: 1)
2025-08-05 21:00:13 - Algorithm_Tutorial - INFO - 添加边 A -> B (权重: 1)
2025-08-05 21:00:13 - Algorithm_Tutorial - INFO - 添加边 A -> B (权重: 1)
2025-08-05 21:00:13 - Algorithm_Tutorial - INFO - 添加边 A -> B (权重: 1)
2025-08-05 21:00:13 - Algorithm_Tutorial - INFO - 添加边 A -> C (权重: 2)
2025-08-05 21:00:13 - Algorithm_Tutorial - INFO - 添加边 A -> C (权重: 2)
2025-08-05 21:00:13 - Algorithm_Tutorial - INFO - 添加边 A -> C (权重: 2)
2025-08-05 21:00:13 - Algorithm_Tutorial - INFO - 添加边 A -> C (权重: 2)
2025-08-05 21:00:13 - Algorithm_Tutorial - INFO - 添加边 A -> C (权重: 2)
2025-08-05 21:00:13 - Algorithm_Tutorial - INFO - 添加边 A -> C (权重: 2)
2025-08-05 21:00:13 - Algorithm_Tutorial - INFO - 添加边 B -> D (权重: 3)
2025-08-05 21:00:13 - Algorithm_Tutorial - INFO - 添加边 B -> D (权重: 3)
2025-08-05 21:00:13 - Algorithm_Tutorial - INFO - 添加边 B -> D (权重: 3)
2025-08-05 21:00:13 - Algorithm_Tutorial - INFO - 添加边 B -> D (权重: 3)
2025-08-05 21:00:13 - Algorithm_Tutorial - INFO - 添加边 B -> D (权重: 3)
2025-08-05 21:00:13 - Algorithm_Tutorial - INFO - 添加边 B -> D (权重: 3)
2025-08-05 21:00:13 - Algorithm_Tutorial - INFO - 添加边 B -> E (权重: 4)
2025-08-05 21:00:13 - Algorithm_Tutorial - INFO - 添加边 B -> E (权重: 4)
2025-08-05 21:00:13 - Algorithm_Tutorial - INFO - 添加边 B -> E (权重: 4)
2025-08-05 21:00:13 - Algorithm_Tutorial - INFO - 添加边 B -> E (权重: 4)
2025-08-05 21:00:13 - Algorithm_Tutorial - INFO - 添加边 B -> E (权重: 4)
2025-08-05 21:00:13 - Algorithm_Tutorial - INFO - 添加边 B -> E (权重: 4)
2025-08-05 21:00:13 - Algorithm_Tutorial - INFO - 添加边 C -> E (权重: 5)
2025-08-05 21:00:13 - Algorithm_Tutorial - INFO - 添加边 C -> E (权重: 5)
2025-08-05 21:00:13 - Algorithm_Tutorial - INFO - 添加边 C -> E (权重: 5)
2025-08-05 21:00:13 - Algorithm_Tutorial - INFO - 添加边 C -> E (权重: 5)
2025-08-05 21:00:13 - Algorithm_Tutorial - INFO - 添加边 C -> E (权重: 5)
2025-08-05 21:00:13 - Algorithm_Tutorial - INFO - 添加边 C -> E (权重: 5)
2025-08-05 21:00:13 - Algorithm_Tutorial - INFO - 添加边 D -> F (权重: 6)
2025-08-05 21:00:13 - Algorithm_Tutorial - INFO - 添加边 D -> F (权重: 6)
2025-08-05 21:00:13 - Algorithm_Tutorial - INFO - 添加边 D -> F (权重: 6)
2025-08-05 21:00:13 - Algorithm_Tutorial - INFO - 添加边 D -> F (权重: 6)
2025-08-05 21:00:13 - Algorithm_Tutorial - INFO - 添加边 D -> F (权重: 6)
2025-08-05 21:00:13 - Algorithm_Tutorial - INFO - 添加边 D -> F (权重: 6)
2025-08-05 21:00:13 - Algorithm_Tutorial - INFO - 添加边 E -> F (权重: 7)
2025-08-05 21:00:13 - Algorithm_Tutorial - INFO - 添加边 E -> F (权重: 7)
2025-08-05 21:00:13 - Algorithm_Tutorial - INFO - 添加边 E -> F (权重: 7)
2025-08-05 21:00:13 - Algorithm_Tutorial - INFO - 添加边 E -> F (权重: 7)
2025-08-05 21:00:13 - Algorithm_Tutorial - INFO - 添加边 E -> F (权重: 7)
2025-08-05 21:00:13 - Algorithm_Tutorial - INFO - 添加边 E -> F (权重: 7)
2025-08-05 21:00:13 - Algorithm_Tutorial - INFO - 算法 'DepthFirstSearch' 初始化完成
2025-08-05 21:00:13 - Algorithm_Tutorial - INFO - 算法 'DepthFirstSearch' 初始化完成
2025-08-05 21:00:13 - Algorithm_Tutorial - INFO - 算法 'DepthFirstSearch' 初始化完成
2025-08-05 21:00:13 - Algorithm_Tutorial - INFO - 算法 'DepthFirstSearch' 初始化完成
2025-08-05 21:00:13 - Algorithm_Tutorial - INFO - 算法 'DepthFirstSearch' 初始化完成
2025-08-05 21:00:13 - Algorithm_Tutorial - INFO - 算法 'DepthFirstSearch' 初始化完成
2025-08-05 21:00:13 - Algorithm_Tutorial - INFO - 开始深度优先搜索，起始顶点: A
2025-08-05 21:00:13 - Algorithm_Tutorial - INFO - 开始深度优先搜索，起始顶点: A
2025-08-05 21:00:13 - Algorithm_Tutorial - INFO - 开始深度优先搜索，起始顶点: A
2025-08-05 21:00:13 - Algorithm_Tutorial - INFO - 开始深度优先搜索，起始顶点: A
2025-08-05 21:00:13 - Algorithm_Tutorial - INFO - 开始深度优先搜索，起始顶点: A
2025-08-05 21:00:13 - Algorithm_Tutorial - INFO - 开始深度优先搜索，起始顶点: A
2025-08-05 21:00:13 - Algorithm_Tutorial - INFO - 开始深度优先搜索，起始顶点: A
2025-08-05 21:00:13 - Algorithm_Tutorial - INFO - 深度优先搜索完成，访问了 6 个顶点
2025-08-05 21:00:13 - Algorithm_Tutorial - INFO - 深度优先搜索完成，访问了 6 个顶点
2025-08-05 21:00:13 - Algorithm_Tutorial - INFO - 深度优先搜索完成，访问了 6 个顶点
2025-08-05 21:00:13 - Algorithm_Tutorial - INFO - 深度优先搜索完成，访问了 6 个顶点
2025-08-05 21:00:13 - Algorithm_Tutorial - INFO - 深度优先搜索完成，访问了 6 个顶点
2025-08-05 21:00:13 - Algorithm_Tutorial - INFO - 深度优先搜索完成，访问了 6 个顶点
2025-08-05 21:00:13 - Algorithm_Tutorial - INFO - 深度优先搜索完成，访问了 6 个顶点
2025-08-05 21:00:13 - Algorithm_Tutorial - INFO - 开始查找路径: A -> F
2025-08-05 21:00:13 - Algorithm_Tutorial - INFO - 开始查找路径: A -> F
2025-08-05 21:00:13 - Algorithm_Tutorial - INFO - 开始查找路径: A -> F
2025-08-05 21:00:13 - Algorithm_Tutorial - INFO - 开始查找路径: A -> F
2025-08-05 21:00:13 - Algorithm_Tutorial - INFO - 开始查找路径: A -> F
2025-08-05 21:00:13 - Algorithm_Tutorial - INFO - 开始查找路径: A -> F
2025-08-05 21:00:13 - Algorithm_Tutorial - INFO - 开始查找路径: A -> F
2025-08-05 21:00:13 - Algorithm_Tutorial - INFO - 找到路径: A -> B -> D -> F
2025-08-05 21:00:13 - Algorithm_Tutorial - INFO - 找到路径: A -> B -> D -> F
2025-08-05 21:00:13 - Algorithm_Tutorial - INFO - 找到路径: A -> B -> D -> F
2025-08-05 21:00:13 - Algorithm_Tutorial - INFO - 找到路径: A -> B -> D -> F
2025-08-05 21:00:13 - Algorithm_Tutorial - INFO - 找到路径: A -> B -> D -> F
2025-08-05 21:00:13 - Algorithm_Tutorial - INFO - 找到路径: A -> B -> D -> F
2025-08-05 21:00:13 - Algorithm_Tutorial - INFO - 找到路径: A -> B -> D -> F
2025-08-05 21:00:13 - Algorithm_Tutorial - INFO - 算法 'BreadthFirstSearch' 初始化完成
2025-08-05 21:00:13 - Algorithm_Tutorial - INFO - 算法 'BreadthFirstSearch' 初始化完成
2025-08-05 21:00:13 - Algorithm_Tutorial - INFO - 算法 'BreadthFirstSearch' 初始化完成
2025-08-05 21:00:13 - Algorithm_Tutorial - INFO - 算法 'BreadthFirstSearch' 初始化完成
2025-08-05 21:00:13 - Algorithm_Tutorial - INFO - 算法 'BreadthFirstSearch' 初始化完成
2025-08-05 21:00:13 - Algorithm_Tutorial - INFO - 算法 'BreadthFirstSearch' 初始化完成
2025-08-05 21:00:13 - Algorithm_Tutorial - INFO - 算法 'BreadthFirstSearch' 初始化完成
2025-08-05 21:00:13 - Algorithm_Tutorial - INFO - 开始广度优先搜索，起始顶点: A
2025-08-05 21:00:13 - Algorithm_Tutorial - INFO - 开始广度优先搜索，起始顶点: A
2025-08-05 21:00:13 - Algorithm_Tutorial - INFO - 开始广度优先搜索，起始顶点: A
2025-08-05 21:00:13 - Algorithm_Tutorial - INFO - 开始广度优先搜索，起始顶点: A
2025-08-05 21:00:13 - Algorithm_Tutorial - INFO - 开始广度优先搜索，起始顶点: A
2025-08-05 21:00:13 - Algorithm_Tutorial - INFO - 开始广度优先搜索，起始顶点: A
2025-08-05 21:00:13 - Algorithm_Tutorial - INFO - 开始广度优先搜索，起始顶点: A
2025-08-05 21:00:13 - Algorithm_Tutorial - INFO - 开始广度优先搜索，起始顶点: A
2025-08-05 21:00:13 - Algorithm_Tutorial - INFO - 广度优先搜索完成，访问了 6 个顶点
2025-08-05 21:00:13 - Algorithm_Tutorial - INFO - 广度优先搜索完成，访问了 6 个顶点
2025-08-05 21:00:13 - Algorithm_Tutorial - INFO - 广度优先搜索完成，访问了 6 个顶点
2025-08-05 21:00:13 - Algorithm_Tutorial - INFO - 广度优先搜索完成，访问了 6 个顶点
2025-08-05 21:00:13 - Algorithm_Tutorial - INFO - 广度优先搜索完成，访问了 6 个顶点
2025-08-05 21:00:13 - Algorithm_Tutorial - INFO - 广度优先搜索完成，访问了 6 个顶点
2025-08-05 21:00:13 - Algorithm_Tutorial - INFO - 广度优先搜索完成，访问了 6 个顶点
2025-08-05 21:00:13 - Algorithm_Tutorial - INFO - 广度优先搜索完成，访问了 6 个顶点
2025-08-05 21:00:13 - Algorithm_Tutorial - INFO - 开始查找最短路径: A -> F
2025-08-05 21:00:13 - Algorithm_Tutorial - INFO - 开始查找最短路径: A -> F
2025-08-05 21:00:13 - Algorithm_Tutorial - INFO - 开始查找最短路径: A -> F
2025-08-05 21:00:13 - Algorithm_Tutorial - INFO - 开始查找最短路径: A -> F
2025-08-05 21:00:13 - Algorithm_Tutorial - INFO - 开始查找最短路径: A -> F
2025-08-05 21:00:13 - Algorithm_Tutorial - INFO - 开始查找最短路径: A -> F
2025-08-05 21:00:13 - Algorithm_Tutorial - INFO - 开始查找最短路径: A -> F
2025-08-05 21:00:13 - Algorithm_Tutorial - INFO - 开始查找最短路径: A -> F
2025-08-05 21:00:13 - Algorithm_Tutorial - INFO - 找到最短路径: A -> B -> D -> F，距离: 10
2025-08-05 21:00:13 - Algorithm_Tutorial - INFO - 找到最短路径: A -> B -> D -> F，距离: 10
2025-08-05 21:00:13 - Algorithm_Tutorial - INFO - 找到最短路径: A -> B -> D -> F，距离: 10
2025-08-05 21:00:13 - Algorithm_Tutorial - INFO - 找到最短路径: A -> B -> D -> F，距离: 10
2025-08-05 21:00:13 - Algorithm_Tutorial - INFO - 找到最短路径: A -> B -> D -> F，距离: 10
2025-08-05 21:00:13 - Algorithm_Tutorial - INFO - 找到最短路径: A -> B -> D -> F，距离: 10
2025-08-05 21:00:13 - Algorithm_Tutorial - INFO - 找到最短路径: A -> B -> D -> F，距离: 10
2025-08-05 21:00:13 - Algorithm_Tutorial - INFO - 找到最短路径: A -> B -> D -> F，距离: 10
2025-08-05 21:00:13 - Algorithm_Tutorial - INFO - 数据结构 'Graph' 初始化完成
2025-08-05 21:00:13 - Algorithm_Tutorial - INFO - 数据结构 'Graph' 初始化完成
2025-08-05 21:00:13 - Algorithm_Tutorial - INFO - 数据结构 'Graph' 初始化完成
2025-08-05 21:00:13 - Algorithm_Tutorial - INFO - 数据结构 'Graph' 初始化完成
2025-08-05 21:00:13 - Algorithm_Tutorial - INFO - 数据结构 'Graph' 初始化完成
2025-08-05 21:00:13 - Algorithm_Tutorial - INFO - 数据结构 'Graph' 初始化完成
2025-08-05 21:00:13 - Algorithm_Tutorial - INFO - 数据结构 'Graph' 初始化完成
2025-08-05 21:00:13 - Algorithm_Tutorial - INFO - 数据结构 'Graph' 初始化完成
2025-08-05 21:00:13 - Algorithm_Tutorial - INFO - 添加顶点 A
2025-08-05 21:00:13 - Algorithm_Tutorial - INFO - 添加顶点 A
2025-08-05 21:00:13 - Algorithm_Tutorial - INFO - 添加顶点 A
2025-08-05 21:00:13 - Algorithm_Tutorial - INFO - 添加顶点 A
2025-08-05 21:00:13 - Algorithm_Tutorial - INFO - 添加顶点 A
2025-08-05 21:00:13 - Algorithm_Tutorial - INFO - 添加顶点 A
2025-08-05 21:00:13 - Algorithm_Tutorial - INFO - 添加顶点 A
2025-08-05 21:00:13 - Algorithm_Tutorial - INFO - 添加顶点 A
2025-08-05 21:00:13 - Algorithm_Tutorial - INFO - 添加顶点 A
2025-08-05 21:00:13 - Algorithm_Tutorial - INFO - 添加顶点 B
2025-08-05 21:00:13 - Algorithm_Tutorial - INFO - 添加顶点 B
2025-08-05 21:00:13 - Algorithm_Tutorial - INFO - 添加顶点 B
2025-08-05 21:00:13 - Algorithm_Tutorial - INFO - 添加顶点 B
2025-08-05 21:00:13 - Algorithm_Tutorial - INFO - 添加顶点 B
2025-08-05 21:00:13 - Algorithm_Tutorial - INFO - 添加顶点 B
2025-08-05 21:00:13 - Algorithm_Tutorial - INFO - 添加顶点 B
2025-08-05 21:00:13 - Algorithm_Tutorial - INFO - 添加顶点 B
2025-08-05 21:00:13 - Algorithm_Tutorial - INFO - 添加顶点 B
2025-08-05 21:00:13 - Algorithm_Tutorial - INFO - 添加顶点 C
2025-08-05 21:00:13 - Algorithm_Tutorial - INFO - 添加顶点 C
2025-08-05 21:00:13 - Algorithm_Tutorial - INFO - 添加顶点 C
2025-08-05 21:00:13 - Algorithm_Tutorial - INFO - 添加顶点 C
2025-08-05 21:00:13 - Algorithm_Tutorial - INFO - 添加顶点 C
2025-08-05 21:00:13 - Algorithm_Tutorial - INFO - 添加顶点 C
2025-08-05 21:00:13 - Algorithm_Tutorial - INFO - 添加顶点 C
2025-08-05 21:00:13 - Algorithm_Tutorial - INFO - 添加顶点 C
2025-08-05 21:00:13 - Algorithm_Tutorial - INFO - 添加顶点 C
2025-08-05 21:00:13 - Algorithm_Tutorial - INFO - 添加顶点 D
2025-08-05 21:00:13 - Algorithm_Tutorial - INFO - 添加顶点 D
2025-08-05 21:00:13 - Algorithm_Tutorial - INFO - 添加顶点 D
2025-08-05 21:00:13 - Algorithm_Tutorial - INFO - 添加顶点 D
2025-08-05 21:00:13 - Algorithm_Tutorial - INFO - 添加顶点 D
2025-08-05 21:00:13 - Algorithm_Tutorial - INFO - 添加顶点 D
2025-08-05 21:00:13 - Algorithm_Tutorial - INFO - 添加顶点 D
2025-08-05 21:00:13 - Algorithm_Tutorial - INFO - 添加顶点 D
2025-08-05 21:00:13 - Algorithm_Tutorial - INFO - 添加顶点 D
2025-08-05 21:00:13 - Algorithm_Tutorial - INFO - 添加边 A -> B (权重: 1)
2025-08-05 21:00:13 - Algorithm_Tutorial - INFO - 添加边 A -> B (权重: 1)
2025-08-05 21:00:13 - Algorithm_Tutorial - INFO - 添加边 A -> B (权重: 1)
2025-08-05 21:00:13 - Algorithm_Tutorial - INFO - 添加边 A -> B (权重: 1)
2025-08-05 21:00:13 - Algorithm_Tutorial - INFO - 添加边 A -> B (权重: 1)
2025-08-05 21:00:13 - Algorithm_Tutorial - INFO - 添加边 A -> B (权重: 1)
2025-08-05 21:00:13 - Algorithm_Tutorial - INFO - 添加边 A -> B (权重: 1)
2025-08-05 21:00:13 - Algorithm_Tutorial - INFO - 添加边 A -> B (权重: 1)
2025-08-05 21:00:13 - Algorithm_Tutorial - INFO - 添加边 A -> B (权重: 1)
2025-08-05 21:00:13 - Algorithm_Tutorial - INFO - 添加边 A -> C (权重: 4)
2025-08-05 21:00:13 - Algorithm_Tutorial - INFO - 添加边 A -> C (权重: 4)
2025-08-05 21:00:13 - Algorithm_Tutorial - INFO - 添加边 A -> C (权重: 4)
2025-08-05 21:00:13 - Algorithm_Tutorial - INFO - 添加边 A -> C (权重: 4)
2025-08-05 21:00:13 - Algorithm_Tutorial - INFO - 添加边 A -> C (权重: 4)
2025-08-05 21:00:13 - Algorithm_Tutorial - INFO - 添加边 A -> C (权重: 4)
2025-08-05 21:00:13 - Algorithm_Tutorial - INFO - 添加边 A -> C (权重: 4)
2025-08-05 21:00:13 - Algorithm_Tutorial - INFO - 添加边 A -> C (权重: 4)
2025-08-05 21:00:13 - Algorithm_Tutorial - INFO - 添加边 A -> C (权重: 4)
2025-08-05 21:00:13 - Algorithm_Tutorial - INFO - 添加边 B -> D (权重: 2)
2025-08-05 21:00:13 - Algorithm_Tutorial - INFO - 添加边 B -> D (权重: 2)
2025-08-05 21:00:13 - Algorithm_Tutorial - INFO - 添加边 B -> D (权重: 2)
2025-08-05 21:00:13 - Algorithm_Tutorial - INFO - 添加边 B -> D (权重: 2)
2025-08-05 21:00:13 - Algorithm_Tutorial - INFO - 添加边 B -> D (权重: 2)
2025-08-05 21:00:13 - Algorithm_Tutorial - INFO - 添加边 B -> D (权重: 2)
2025-08-05 21:00:13 - Algorithm_Tutorial - INFO - 添加边 B -> D (权重: 2)
2025-08-05 21:00:13 - Algorithm_Tutorial - INFO - 添加边 B -> D (权重: 2)
2025-08-05 21:00:13 - Algorithm_Tutorial - INFO - 添加边 B -> D (权重: 2)
2025-08-05 21:00:13 - Algorithm_Tutorial - INFO - 添加边 C -> D (权重: 1)
2025-08-05 21:00:13 - Algorithm_Tutorial - INFO - 添加边 C -> D (权重: 1)
2025-08-05 21:00:13 - Algorithm_Tutorial - INFO - 添加边 C -> D (权重: 1)
2025-08-05 21:00:13 - Algorithm_Tutorial - INFO - 添加边 C -> D (权重: 1)
2025-08-05 21:00:13 - Algorithm_Tutorial - INFO - 添加边 C -> D (权重: 1)
2025-08-05 21:00:13 - Algorithm_Tutorial - INFO - 添加边 C -> D (权重: 1)
2025-08-05 21:00:13 - Algorithm_Tutorial - INFO - 添加边 C -> D (权重: 1)
2025-08-05 21:00:13 - Algorithm_Tutorial - INFO - 添加边 C -> D (权重: 1)
2025-08-05 21:00:13 - Algorithm_Tutorial - INFO - 添加边 C -> D (权重: 1)
2025-08-05 21:00:32 - Algorithm_Tutorial - INFO - 开始条件线性搜索
2025-08-05 21:00:32 - Algorithm_Tutorial - INFO - 找到满足条件的元素在位置 5: 11
2025-08-05 21:00:32 - Algorithm_Tutorial - INFO - 开始搜索所有出现位置，目标元素: 5
2025-08-05 21:00:32 - Algorithm_Tutorial - INFO - 找到 3 个目标元素 5
2025-08-05 21:00:32 - Algorithm_Tutorial - INFO - 算法 'BinarySearch' 初始化完成
2025-08-05 21:00:32 - Algorithm_Tutorial - INFO - 开始二分搜索，目标元素: 7
2025-08-05 21:00:32 - Algorithm_Tutorial - INFO - 找到目标元素 7 在位置 3
2025-08-05 21:00:32 - Algorithm_Tutorial - INFO - 找到目标元素 7 在位置 3
2025-08-05 21:00:32 - Algorithm_Tutorial - INFO - 开始二分搜索第一次出现位置，目标元素: 5
2025-08-05 21:00:32 - Algorithm_Tutorial - INFO - 开始二分搜索第一次出现位置，目标元素: 5
2025-08-05 21:00:32 - Algorithm_Tutorial - INFO - 找到目标元素 5 第一次出现在位置 2
2025-08-05 21:00:32 - Algorithm_Tutorial - INFO - 找到目标元素 5 第一次出现在位置 2
2025-08-05 21:00:32 - Algorithm_Tutorial - INFO - 开始二分搜索最后一次出现位置，目标元素: 5
2025-08-05 21:00:32 - Algorithm_Tutorial - INFO - 开始二分搜索最后一次出现位置，目标元素: 5
2025-08-05 21:00:32 - Algorithm_Tutorial - INFO - 找到目标元素 5 最后一次出现在位置 4
2025-08-05 21:00:32 - Algorithm_Tutorial - INFO - 找到目标元素 5 最后一次出现在位置 4
2025-08-05 21:00:32 - Algorithm_Tutorial - INFO - 算法 'JumpSearch' 初始化完成
2025-08-05 21:00:32 - Algorithm_Tutorial - INFO - 算法 'JumpSearch' 初始化完成
2025-08-05 21:00:32 - Algorithm_Tutorial - INFO - 开始跳跃搜索，目标元素: 11
2025-08-05 21:00:32 - Algorithm_Tutorial - INFO - 开始跳跃搜索，目标元素: 11
2025-08-05 21:00:32 - Algorithm_Tutorial - INFO - 跳跃步长: 3
2025-08-05 21:00:32 - Algorithm_Tutorial - INFO - 跳跃步长: 3
2025-08-05 21:00:32 - Algorithm_Tutorial - INFO - 跳跃步长: 3
2025-08-05 21:00:32 - Algorithm_Tutorial - INFO - 找到目标元素 11 在位置 5
2025-08-05 21:00:32 - Algorithm_Tutorial - INFO - 找到目标元素 11 在位置 5
2025-08-05 21:00:32 - Algorithm_Tutorial - INFO - 找到目标元素 11 在位置 5
2025-08-05 21:00:32 - Algorithm_Tutorial - INFO - 算法 'InterpolationSearch' 初始化完成
2025-08-05 21:00:32 - Algorithm_Tutorial - INFO - 算法 'InterpolationSearch' 初始化完成
2025-08-05 21:00:32 - Algorithm_Tutorial - INFO - 算法 'InterpolationSearch' 初始化完成
2025-08-05 21:00:32 - Algorithm_Tutorial - INFO - 开始插值搜索，目标元素: 11
2025-08-05 21:00:32 - Algorithm_Tutorial - INFO - 开始插值搜索，目标元素: 11
2025-08-05 21:00:32 - Algorithm_Tutorial - INFO - 开始插值搜索，目标元素: 11
2025-08-05 21:00:32 - Algorithm_Tutorial - INFO - 找到目标元素 11 在位置 5
2025-08-05 21:00:32 - Algorithm_Tutorial - INFO - 找到目标元素 11 在位置 5
2025-08-05 21:00:32 - Algorithm_Tutorial - INFO - 找到目标元素 11 在位置 5
2025-08-05 21:00:32 - Algorithm_Tutorial - INFO - 找到目标元素 11 在位置 5
2025-08-05 21:00:32 - Algorithm_Tutorial - INFO - 算法 'ExponentialSearch' 初始化完成
2025-08-05 21:00:32 - Algorithm_Tutorial - INFO - 算法 'ExponentialSearch' 初始化完成
2025-08-05 21:00:32 - Algorithm_Tutorial - INFO - 算法 'ExponentialSearch' 初始化完成
2025-08-05 21:00:32 - Algorithm_Tutorial - INFO - 算法 'ExponentialSearch' 初始化完成
2025-08-05 21:00:32 - Algorithm_Tutorial - INFO - 开始指数搜索，目标元素: 11
2025-08-05 21:00:32 - Algorithm_Tutorial - INFO - 开始指数搜索，目标元素: 11
2025-08-05 21:00:32 - Algorithm_Tutorial - INFO - 开始指数搜索，目标元素: 11
2025-08-05 21:00:32 - Algorithm_Tutorial - INFO - 开始指数搜索，目标元素: 11
2025-08-05 21:00:32 - Algorithm_Tutorial - INFO - 在范围 [4, 8] 内进行二分搜索
2025-08-05 21:00:32 - Algorithm_Tutorial - INFO - 在范围 [4, 8] 内进行二分搜索
2025-08-05 21:00:32 - Algorithm_Tutorial - INFO - 在范围 [4, 8] 内进行二分搜索
2025-08-05 21:00:32 - Algorithm_Tutorial - INFO - 在范围 [4, 8] 内进行二分搜索
2025-08-05 21:00:32 - Algorithm_Tutorial - INFO - 在范围 [4, 8] 内进行二分搜索
2025-08-05 21:00:32 - Algorithm_Tutorial - INFO - 找到目标元素 11 在位置 5
2025-08-05 21:00:32 - Algorithm_Tutorial - INFO - 找到目标元素 11 在位置 5
2025-08-05 21:00:32 - Algorithm_Tutorial - INFO - 找到目标元素 11 在位置 5
2025-08-05 21:00:32 - Algorithm_Tutorial - INFO - 找到目标元素 11 在位置 5
2025-08-05 21:00:32 - Algorithm_Tutorial - INFO - 找到目标元素 11 在位置 5
2025-08-05 21:00:32 - Algorithm_Tutorial - INFO - 开始无界指数搜索，目标元素: 11
2025-08-05 21:00:32 - Algorithm_Tutorial - INFO - 开始无界指数搜索，目标元素: 11
2025-08-05 21:00:32 - Algorithm_Tutorial - INFO - 开始无界指数搜索，目标元素: 11
2025-08-05 21:00:32 - Algorithm_Tutorial - INFO - 开始无界指数搜索，目标元素: 11
2025-08-05 21:00:32 - Algorithm_Tutorial - INFO - 开始无界指数搜索，目标元素: 11
2025-08-05 21:00:32 - Algorithm_Tutorial - INFO - 在范围 [4, 8] 内进行二分搜索
2025-08-05 21:00:32 - Algorithm_Tutorial - INFO - 在范围 [4, 8] 内进行二分搜索
2025-08-05 21:00:32 - Algorithm_Tutorial - INFO - 在范围 [4, 8] 内进行二分搜索
2025-08-05 21:00:32 - Algorithm_Tutorial - INFO - 在范围 [4, 8] 内进行二分搜索
2025-08-05 21:00:32 - Algorithm_Tutorial - INFO - 在范围 [4, 8] 内进行二分搜索
2025-08-05 21:00:32 - Algorithm_Tutorial - INFO - 找到目标元素 11 在位置 5
2025-08-05 21:00:32 - Algorithm_Tutorial - INFO - 找到目标元素 11 在位置 5
2025-08-05 21:00:32 - Algorithm_Tutorial - INFO - 找到目标元素 11 在位置 5
2025-08-05 21:00:32 - Algorithm_Tutorial - INFO - 找到目标元素 11 在位置 5
2025-08-05 21:00:32 - Algorithm_Tutorial - INFO - 找到目标元素 11 在位置 5
2025-08-05 21:00:32 - Algorithm_Tutorial - INFO - 数据结构 'Graph' 初始化完成
2025-08-05 21:00:32 - Algorithm_Tutorial - INFO - 数据结构 'Graph' 初始化完成
2025-08-05 21:00:32 - Algorithm_Tutorial - INFO - 数据结构 'Graph' 初始化完成
2025-08-05 21:00:32 - Algorithm_Tutorial - INFO - 数据结构 'Graph' 初始化完成
2025-08-05 21:00:32 - Algorithm_Tutorial - INFO - 数据结构 'Graph' 初始化完成
2025-08-05 21:00:32 - Algorithm_Tutorial - INFO - 添加顶点 A
2025-08-05 21:00:32 - Algorithm_Tutorial - INFO - 添加顶点 A
2025-08-05 21:00:32 - Algorithm_Tutorial - INFO - 添加顶点 A
2025-08-05 21:00:32 - Algorithm_Tutorial - INFO - 添加顶点 A
2025-08-05 21:00:32 - Algorithm_Tutorial - INFO - 添加顶点 A
2025-08-05 21:00:32 - Algorithm_Tutorial - INFO - 添加顶点 A
2025-08-05 21:00:32 - Algorithm_Tutorial - INFO - 添加顶点 B
2025-08-05 21:00:32 - Algorithm_Tutorial - INFO - 添加顶点 B
2025-08-05 21:00:32 - Algorithm_Tutorial - INFO - 添加顶点 B
2025-08-05 21:00:32 - Algorithm_Tutorial - INFO - 添加顶点 B
2025-08-05 21:00:32 - Algorithm_Tutorial - INFO - 添加顶点 B
2025-08-05 21:00:32 - Algorithm_Tutorial - INFO - 添加顶点 B
2025-08-05 21:00:32 - Algorithm_Tutorial - INFO - 添加顶点 C
2025-08-05 21:00:32 - Algorithm_Tutorial - INFO - 添加顶点 C
2025-08-05 21:00:32 - Algorithm_Tutorial - INFO - 添加顶点 C
2025-08-05 21:00:32 - Algorithm_Tutorial - INFO - 添加顶点 C
2025-08-05 21:00:32 - Algorithm_Tutorial - INFO - 添加顶点 C
2025-08-05 21:00:32 - Algorithm_Tutorial - INFO - 添加顶点 C
2025-08-05 21:00:32 - Algorithm_Tutorial - INFO - 添加顶点 D
2025-08-05 21:00:32 - Algorithm_Tutorial - INFO - 添加顶点 D
2025-08-05 21:00:32 - Algorithm_Tutorial - INFO - 添加顶点 D
2025-08-05 21:00:32 - Algorithm_Tutorial - INFO - 添加顶点 D
2025-08-05 21:00:32 - Algorithm_Tutorial - INFO - 添加顶点 D
2025-08-05 21:00:32 - Algorithm_Tutorial - INFO - 添加顶点 D
2025-08-05 21:00:32 - Algorithm_Tutorial - INFO - 添加顶点 E
2025-08-05 21:00:32 - Algorithm_Tutorial - INFO - 添加顶点 E
2025-08-05 21:00:32 - Algorithm_Tutorial - INFO - 添加顶点 E
2025-08-05 21:00:32 - Algorithm_Tutorial - INFO - 添加顶点 E
2025-08-05 21:00:32 - Algorithm_Tutorial - INFO - 添加顶点 E
2025-08-05 21:00:32 - Algorithm_Tutorial - INFO - 添加顶点 E
2025-08-05 21:00:32 - Algorithm_Tutorial - INFO - 添加顶点 F
2025-08-05 21:00:32 - Algorithm_Tutorial - INFO - 添加顶点 F
2025-08-05 21:00:32 - Algorithm_Tutorial - INFO - 添加顶点 F
2025-08-05 21:00:32 - Algorithm_Tutorial - INFO - 添加顶点 F
2025-08-05 21:00:32 - Algorithm_Tutorial - INFO - 添加顶点 F
2025-08-05 21:00:32 - Algorithm_Tutorial - INFO - 添加顶点 F
2025-08-05 21:00:32 - Algorithm_Tutorial - INFO - 添加边 A -> B (权重: 1)
2025-08-05 21:00:32 - Algorithm_Tutorial - INFO - 添加边 A -> B (权重: 1)
2025-08-05 21:00:32 - Algorithm_Tutorial - INFO - 添加边 A -> B (权重: 1)
2025-08-05 21:00:32 - Algorithm_Tutorial - INFO - 添加边 A -> B (权重: 1)
2025-08-05 21:00:32 - Algorithm_Tutorial - INFO - 添加边 A -> B (权重: 1)
2025-08-05 21:00:32 - Algorithm_Tutorial - INFO - 添加边 A -> B (权重: 1)
2025-08-05 21:00:32 - Algorithm_Tutorial - INFO - 添加边 A -> C (权重: 2)
2025-08-05 21:00:32 - Algorithm_Tutorial - INFO - 添加边 A -> C (权重: 2)
2025-08-05 21:00:32 - Algorithm_Tutorial - INFO - 添加边 A -> C (权重: 2)
2025-08-05 21:00:32 - Algorithm_Tutorial - INFO - 添加边 A -> C (权重: 2)
2025-08-05 21:00:32 - Algorithm_Tutorial - INFO - 添加边 A -> C (权重: 2)
2025-08-05 21:00:32 - Algorithm_Tutorial - INFO - 添加边 A -> C (权重: 2)
2025-08-05 21:00:32 - Algorithm_Tutorial - INFO - 添加边 B -> D (权重: 3)
2025-08-05 21:00:32 - Algorithm_Tutorial - INFO - 添加边 B -> D (权重: 3)
2025-08-05 21:00:32 - Algorithm_Tutorial - INFO - 添加边 B -> D (权重: 3)
2025-08-05 21:00:32 - Algorithm_Tutorial - INFO - 添加边 B -> D (权重: 3)
2025-08-05 21:00:32 - Algorithm_Tutorial - INFO - 添加边 B -> D (权重: 3)
2025-08-05 21:00:32 - Algorithm_Tutorial - INFO - 添加边 B -> D (权重: 3)
2025-08-05 21:00:32 - Algorithm_Tutorial - INFO - 添加边 B -> E (权重: 4)
2025-08-05 21:00:32 - Algorithm_Tutorial - INFO - 添加边 B -> E (权重: 4)
2025-08-05 21:00:32 - Algorithm_Tutorial - INFO - 添加边 B -> E (权重: 4)
2025-08-05 21:00:32 - Algorithm_Tutorial - INFO - 添加边 B -> E (权重: 4)
2025-08-05 21:00:32 - Algorithm_Tutorial - INFO - 添加边 B -> E (权重: 4)
2025-08-05 21:00:32 - Algorithm_Tutorial - INFO - 添加边 B -> E (权重: 4)
2025-08-05 21:00:32 - Algorithm_Tutorial - INFO - 添加边 C -> E (权重: 5)
2025-08-05 21:00:32 - Algorithm_Tutorial - INFO - 添加边 C -> E (权重: 5)
2025-08-05 21:00:32 - Algorithm_Tutorial - INFO - 添加边 C -> E (权重: 5)
2025-08-05 21:00:32 - Algorithm_Tutorial - INFO - 添加边 C -> E (权重: 5)
2025-08-05 21:00:32 - Algorithm_Tutorial - INFO - 添加边 C -> E (权重: 5)
2025-08-05 21:00:32 - Algorithm_Tutorial - INFO - 添加边 C -> E (权重: 5)
2025-08-05 21:00:32 - Algorithm_Tutorial - INFO - 添加边 D -> F (权重: 6)
2025-08-05 21:00:32 - Algorithm_Tutorial - INFO - 添加边 D -> F (权重: 6)
2025-08-05 21:00:32 - Algorithm_Tutorial - INFO - 添加边 D -> F (权重: 6)
2025-08-05 21:00:32 - Algorithm_Tutorial - INFO - 添加边 D -> F (权重: 6)
2025-08-05 21:00:32 - Algorithm_Tutorial - INFO - 添加边 D -> F (权重: 6)
2025-08-05 21:00:32 - Algorithm_Tutorial - INFO - 添加边 D -> F (权重: 6)
2025-08-05 21:00:32 - Algorithm_Tutorial - INFO - 添加边 E -> F (权重: 7)
2025-08-05 21:00:32 - Algorithm_Tutorial - INFO - 添加边 E -> F (权重: 7)
2025-08-05 21:00:32 - Algorithm_Tutorial - INFO - 添加边 E -> F (权重: 7)
2025-08-05 21:00:32 - Algorithm_Tutorial - INFO - 添加边 E -> F (权重: 7)
2025-08-05 21:00:32 - Algorithm_Tutorial - INFO - 添加边 E -> F (权重: 7)
2025-08-05 21:00:32 - Algorithm_Tutorial - INFO - 添加边 E -> F (权重: 7)
2025-08-05 21:00:32 - Algorithm_Tutorial - INFO - 算法 'DepthFirstSearch' 初始化完成
2025-08-05 21:00:32 - Algorithm_Tutorial - INFO - 算法 'DepthFirstSearch' 初始化完成
2025-08-05 21:00:32 - Algorithm_Tutorial - INFO - 算法 'DepthFirstSearch' 初始化完成
2025-08-05 21:00:32 - Algorithm_Tutorial - INFO - 算法 'DepthFirstSearch' 初始化完成
2025-08-05 21:00:32 - Algorithm_Tutorial - INFO - 算法 'DepthFirstSearch' 初始化完成
2025-08-05 21:00:32 - Algorithm_Tutorial - INFO - 算法 'DepthFirstSearch' 初始化完成
2025-08-05 21:00:32 - Algorithm_Tutorial - INFO - 开始深度优先搜索，起始顶点: A
2025-08-05 21:00:32 - Algorithm_Tutorial - INFO - 开始深度优先搜索，起始顶点: A
2025-08-05 21:00:32 - Algorithm_Tutorial - INFO - 开始深度优先搜索，起始顶点: A
2025-08-05 21:00:32 - Algorithm_Tutorial - INFO - 开始深度优先搜索，起始顶点: A
2025-08-05 21:00:32 - Algorithm_Tutorial - INFO - 开始深度优先搜索，起始顶点: A
2025-08-05 21:00:32 - Algorithm_Tutorial - INFO - 开始深度优先搜索，起始顶点: A
2025-08-05 21:00:32 - Algorithm_Tutorial - INFO - 开始深度优先搜索，起始顶点: A
2025-08-05 21:00:32 - Algorithm_Tutorial - INFO - 深度优先搜索完成，访问了 6 个顶点
2025-08-05 21:00:32 - Algorithm_Tutorial - INFO - 深度优先搜索完成，访问了 6 个顶点
2025-08-05 21:00:32 - Algorithm_Tutorial - INFO - 深度优先搜索完成，访问了 6 个顶点
2025-08-05 21:00:32 - Algorithm_Tutorial - INFO - 深度优先搜索完成，访问了 6 个顶点
2025-08-05 21:00:32 - Algorithm_Tutorial - INFO - 深度优先搜索完成，访问了 6 个顶点
2025-08-05 21:00:32 - Algorithm_Tutorial - INFO - 深度优先搜索完成，访问了 6 个顶点
2025-08-05 21:00:32 - Algorithm_Tutorial - INFO - 深度优先搜索完成，访问了 6 个顶点
2025-08-05 21:00:32 - Algorithm_Tutorial - INFO - 开始查找路径: A -> F
2025-08-05 21:00:32 - Algorithm_Tutorial - INFO - 开始查找路径: A -> F
2025-08-05 21:00:32 - Algorithm_Tutorial - INFO - 开始查找路径: A -> F
2025-08-05 21:00:32 - Algorithm_Tutorial - INFO - 开始查找路径: A -> F
2025-08-05 21:00:32 - Algorithm_Tutorial - INFO - 开始查找路径: A -> F
2025-08-05 21:00:32 - Algorithm_Tutorial - INFO - 开始查找路径: A -> F
2025-08-05 21:00:32 - Algorithm_Tutorial - INFO - 开始查找路径: A -> F
2025-08-05 21:00:32 - Algorithm_Tutorial - INFO - 找到路径: A -> B -> D -> F
2025-08-05 21:00:32 - Algorithm_Tutorial - INFO - 找到路径: A -> B -> D -> F
2025-08-05 21:00:32 - Algorithm_Tutorial - INFO - 找到路径: A -> B -> D -> F
2025-08-05 21:00:32 - Algorithm_Tutorial - INFO - 找到路径: A -> B -> D -> F
2025-08-05 21:00:32 - Algorithm_Tutorial - INFO - 找到路径: A -> B -> D -> F
2025-08-05 21:00:32 - Algorithm_Tutorial - INFO - 找到路径: A -> B -> D -> F
2025-08-05 21:00:32 - Algorithm_Tutorial - INFO - 找到路径: A -> B -> D -> F
2025-08-05 21:00:32 - Algorithm_Tutorial - INFO - 算法 'BreadthFirstSearch' 初始化完成
2025-08-05 21:00:32 - Algorithm_Tutorial - INFO - 算法 'BreadthFirstSearch' 初始化完成
2025-08-05 21:00:32 - Algorithm_Tutorial - INFO - 算法 'BreadthFirstSearch' 初始化完成
2025-08-05 21:00:32 - Algorithm_Tutorial - INFO - 算法 'BreadthFirstSearch' 初始化完成
2025-08-05 21:00:32 - Algorithm_Tutorial - INFO - 算法 'BreadthFirstSearch' 初始化完成
2025-08-05 21:00:32 - Algorithm_Tutorial - INFO - 算法 'BreadthFirstSearch' 初始化完成
2025-08-05 21:00:32 - Algorithm_Tutorial - INFO - 算法 'BreadthFirstSearch' 初始化完成
2025-08-05 21:00:32 - Algorithm_Tutorial - INFO - 开始广度优先搜索，起始顶点: A
2025-08-05 21:00:32 - Algorithm_Tutorial - INFO - 开始广度优先搜索，起始顶点: A
2025-08-05 21:00:32 - Algorithm_Tutorial - INFO - 开始广度优先搜索，起始顶点: A
2025-08-05 21:00:32 - Algorithm_Tutorial - INFO - 开始广度优先搜索，起始顶点: A
2025-08-05 21:00:32 - Algorithm_Tutorial - INFO - 开始广度优先搜索，起始顶点: A
2025-08-05 21:00:32 - Algorithm_Tutorial - INFO - 开始广度优先搜索，起始顶点: A
2025-08-05 21:00:32 - Algorithm_Tutorial - INFO - 开始广度优先搜索，起始顶点: A
2025-08-05 21:00:32 - Algorithm_Tutorial - INFO - 开始广度优先搜索，起始顶点: A
2025-08-05 21:00:32 - Algorithm_Tutorial - INFO - 广度优先搜索完成，访问了 6 个顶点
2025-08-05 21:00:32 - Algorithm_Tutorial - INFO - 广度优先搜索完成，访问了 6 个顶点
2025-08-05 21:00:32 - Algorithm_Tutorial - INFO - 广度优先搜索完成，访问了 6 个顶点
2025-08-05 21:00:32 - Algorithm_Tutorial - INFO - 广度优先搜索完成，访问了 6 个顶点
2025-08-05 21:00:32 - Algorithm_Tutorial - INFO - 广度优先搜索完成，访问了 6 个顶点
2025-08-05 21:00:32 - Algorithm_Tutorial - INFO - 广度优先搜索完成，访问了 6 个顶点
2025-08-05 21:00:32 - Algorithm_Tutorial - INFO - 广度优先搜索完成，访问了 6 个顶点
2025-08-05 21:00:32 - Algorithm_Tutorial - INFO - 广度优先搜索完成，访问了 6 个顶点
2025-08-05 21:00:32 - Algorithm_Tutorial - INFO - 开始查找最短路径: A -> F
2025-08-05 21:00:32 - Algorithm_Tutorial - INFO - 开始查找最短路径: A -> F
2025-08-05 21:00:32 - Algorithm_Tutorial - INFO - 开始查找最短路径: A -> F
2025-08-05 21:00:32 - Algorithm_Tutorial - INFO - 开始查找最短路径: A -> F
2025-08-05 21:00:32 - Algorithm_Tutorial - INFO - 开始查找最短路径: A -> F
2025-08-05 21:00:32 - Algorithm_Tutorial - INFO - 开始查找最短路径: A -> F
2025-08-05 21:00:32 - Algorithm_Tutorial - INFO - 开始查找最短路径: A -> F
2025-08-05 21:00:32 - Algorithm_Tutorial - INFO - 开始查找最短路径: A -> F
2025-08-05 21:00:32 - Algorithm_Tutorial - INFO - 找到最短路径: A -> B -> D -> F，距离: 10
2025-08-05 21:00:32 - Algorithm_Tutorial - INFO - 找到最短路径: A -> B -> D -> F，距离: 10
2025-08-05 21:00:32 - Algorithm_Tutorial - INFO - 找到最短路径: A -> B -> D -> F，距离: 10
2025-08-05 21:00:32 - Algorithm_Tutorial - INFO - 找到最短路径: A -> B -> D -> F，距离: 10
2025-08-05 21:00:32 - Algorithm_Tutorial - INFO - 找到最短路径: A -> B -> D -> F，距离: 10
2025-08-05 21:00:32 - Algorithm_Tutorial - INFO - 找到最短路径: A -> B -> D -> F，距离: 10
2025-08-05 21:00:32 - Algorithm_Tutorial - INFO - 找到最短路径: A -> B -> D -> F，距离: 10
2025-08-05 21:00:32 - Algorithm_Tutorial - INFO - 找到最短路径: A -> B -> D -> F，距离: 10
2025-08-05 21:00:32 - Algorithm_Tutorial - INFO - 数据结构 'Graph' 初始化完成
2025-08-05 21:00:32 - Algorithm_Tutorial - INFO - 数据结构 'Graph' 初始化完成
2025-08-05 21:00:32 - Algorithm_Tutorial - INFO - 数据结构 'Graph' 初始化完成
2025-08-05 21:00:32 - Algorithm_Tutorial - INFO - 数据结构 'Graph' 初始化完成
2025-08-05 21:00:32 - Algorithm_Tutorial - INFO - 数据结构 'Graph' 初始化完成
2025-08-05 21:00:32 - Algorithm_Tutorial - INFO - 数据结构 'Graph' 初始化完成
2025-08-05 21:00:32 - Algorithm_Tutorial - INFO - 数据结构 'Graph' 初始化完成
2025-08-05 21:00:32 - Algorithm_Tutorial - INFO - 数据结构 'Graph' 初始化完成
2025-08-05 21:00:32 - Algorithm_Tutorial - INFO - 添加顶点 A
2025-08-05 21:00:32 - Algorithm_Tutorial - INFO - 添加顶点 A
2025-08-05 21:00:32 - Algorithm_Tutorial - INFO - 添加顶点 A
2025-08-05 21:00:32 - Algorithm_Tutorial - INFO - 添加顶点 A
2025-08-05 21:00:32 - Algorithm_Tutorial - INFO - 添加顶点 A
2025-08-05 21:00:32 - Algorithm_Tutorial - INFO - 添加顶点 A
2025-08-05 21:00:32 - Algorithm_Tutorial - INFO - 添加顶点 A
2025-08-05 21:00:32 - Algorithm_Tutorial - INFO - 添加顶点 A
2025-08-05 21:00:32 - Algorithm_Tutorial - INFO - 添加顶点 A
2025-08-05 21:00:32 - Algorithm_Tutorial - INFO - 添加顶点 B
2025-08-05 21:00:32 - Algorithm_Tutorial - INFO - 添加顶点 B
2025-08-05 21:00:32 - Algorithm_Tutorial - INFO - 添加顶点 B
2025-08-05 21:00:32 - Algorithm_Tutorial - INFO - 添加顶点 B
2025-08-05 21:00:32 - Algorithm_Tutorial - INFO - 添加顶点 B
2025-08-05 21:00:32 - Algorithm_Tutorial - INFO - 添加顶点 B
2025-08-05 21:00:32 - Algorithm_Tutorial - INFO - 添加顶点 B
2025-08-05 21:00:32 - Algorithm_Tutorial - INFO - 添加顶点 B
2025-08-05 21:00:32 - Algorithm_Tutorial - INFO - 添加顶点 B
2025-08-05 21:00:32 - Algorithm_Tutorial - INFO - 添加顶点 C
2025-08-05 21:00:32 - Algorithm_Tutorial - INFO - 添加顶点 C
2025-08-05 21:00:32 - Algorithm_Tutorial - INFO - 添加顶点 C
2025-08-05 21:00:32 - Algorithm_Tutorial - INFO - 添加顶点 C
2025-08-05 21:00:32 - Algorithm_Tutorial - INFO - 添加顶点 C
2025-08-05 21:00:32 - Algorithm_Tutorial - INFO - 添加顶点 C
2025-08-05 21:00:32 - Algorithm_Tutorial - INFO - 添加顶点 C
2025-08-05 21:00:32 - Algorithm_Tutorial - INFO - 添加顶点 C
2025-08-05 21:00:32 - Algorithm_Tutorial - INFO - 添加顶点 C
2025-08-05 21:00:32 - Algorithm_Tutorial - INFO - 添加顶点 D
2025-08-05 21:00:32 - Algorithm_Tutorial - INFO - 添加顶点 D
2025-08-05 21:00:32 - Algorithm_Tutorial - INFO - 添加顶点 D
2025-08-05 21:00:32 - Algorithm_Tutorial - INFO - 添加顶点 D
2025-08-05 21:00:32 - Algorithm_Tutorial - INFO - 添加顶点 D
2025-08-05 21:00:32 - Algorithm_Tutorial - INFO - 添加顶点 D
2025-08-05 21:00:32 - Algorithm_Tutorial - INFO - 添加顶点 D
2025-08-05 21:00:32 - Algorithm_Tutorial - INFO - 添加顶点 D
2025-08-05 21:00:32 - Algorithm_Tutorial - INFO - 添加顶点 D
2025-08-05 21:00:32 - Algorithm_Tutorial - INFO - 添加边 A -> B (权重: 1)
2025-08-05 21:00:32 - Algorithm_Tutorial - INFO - 添加边 A -> B (权重: 1)
2025-08-05 21:00:32 - Algorithm_Tutorial - INFO - 添加边 A -> B (权重: 1)
2025-08-05 21:00:32 - Algorithm_Tutorial - INFO - 添加边 A -> B (权重: 1)
2025-08-05 21:00:32 - Algorithm_Tutorial - INFO - 添加边 A -> B (权重: 1)
2025-08-05 21:00:32 - Algorithm_Tutorial - INFO - 添加边 A -> B (权重: 1)
2025-08-05 21:00:32 - Algorithm_Tutorial - INFO - 添加边 A -> B (权重: 1)
2025-08-05 21:00:32 - Algorithm_Tutorial - INFO - 添加边 A -> B (权重: 1)
2025-08-05 21:00:32 - Algorithm_Tutorial - INFO - 添加边 A -> B (权重: 1)
2025-08-05 21:00:32 - Algorithm_Tutorial - INFO - 添加边 A -> C (权重: 4)
2025-08-05 21:00:32 - Algorithm_Tutorial - INFO - 添加边 A -> C (权重: 4)
2025-08-05 21:00:32 - Algorithm_Tutorial - INFO - 添加边 A -> C (权重: 4)
2025-08-05 21:00:32 - Algorithm_Tutorial - INFO - 添加边 A -> C (权重: 4)
2025-08-05 21:00:32 - Algorithm_Tutorial - INFO - 添加边 A -> C (权重: 4)
2025-08-05 21:00:32 - Algorithm_Tutorial - INFO - 添加边 A -> C (权重: 4)
2025-08-05 21:00:32 - Algorithm_Tutorial - INFO - 添加边 A -> C (权重: 4)
2025-08-05 21:00:32 - Algorithm_Tutorial - INFO - 添加边 A -> C (权重: 4)
2025-08-05 21:00:32 - Algorithm_Tutorial - INFO - 添加边 A -> C (权重: 4)
2025-08-05 21:00:32 - Algorithm_Tutorial - INFO - 添加边 B -> D (权重: 2)
2025-08-05 21:00:32 - Algorithm_Tutorial - INFO - 添加边 B -> D (权重: 2)
2025-08-05 21:00:32 - Algorithm_Tutorial - INFO - 添加边 B -> D (权重: 2)
2025-08-05 21:00:32 - Algorithm_Tutorial - INFO - 添加边 B -> D (权重: 2)
2025-08-05 21:00:32 - Algorithm_Tutorial - INFO - 添加边 B -> D (权重: 2)
2025-08-05 21:00:32 - Algorithm_Tutorial - INFO - 添加边 B -> D (权重: 2)
2025-08-05 21:00:32 - Algorithm_Tutorial - INFO - 添加边 B -> D (权重: 2)
2025-08-05 21:00:32 - Algorithm_Tutorial - INFO - 添加边 B -> D (权重: 2)
2025-08-05 21:00:32 - Algorithm_Tutorial - INFO - 添加边 B -> D (权重: 2)
2025-08-05 21:00:32 - Algorithm_Tutorial - INFO - 添加边 C -> D (权重: 1)
2025-08-05 21:00:32 - Algorithm_Tutorial - INFO - 添加边 C -> D (权重: 1)
2025-08-05 21:00:32 - Algorithm_Tutorial - INFO - 添加边 C -> D (权重: 1)
2025-08-05 21:00:32 - Algorithm_Tutorial - INFO - 添加边 C -> D (权重: 1)
2025-08-05 21:00:32 - Algorithm_Tutorial - INFO - 添加边 C -> D (权重: 1)
2025-08-05 21:00:32 - Algorithm_Tutorial - INFO - 添加边 C -> D (权重: 1)
2025-08-05 21:00:32 - Algorithm_Tutorial - INFO - 添加边 C -> D (权重: 1)
2025-08-05 21:00:32 - Algorithm_Tutorial - INFO - 添加边 C -> D (权重: 1)
2025-08-05 21:00:32 - Algorithm_Tutorial - INFO - 添加边 C -> D (权重: 1)
2025-08-05 21:00:32 - Algorithm_Tutorial - INFO - 算法 'AStarSearch' 初始化完成
2025-08-05 21:00:32 - Algorithm_Tutorial - INFO - 算法 'AStarSearch' 初始化完成
2025-08-05 21:00:32 - Algorithm_Tutorial - INFO - 算法 'AStarSearch' 初始化完成
2025-08-05 21:00:32 - Algorithm_Tutorial - INFO - 算法 'AStarSearch' 初始化完成
2025-08-05 21:00:32 - Algorithm_Tutorial - INFO - 算法 'AStarSearch' 初始化完成
2025-08-05 21:00:32 - Algorithm_Tutorial - INFO - 算法 'AStarSearch' 初始化完成
2025-08-05 21:00:32 - Algorithm_Tutorial - INFO - 算法 'AStarSearch' 初始化完成
2025-08-05 21:00:32 - Algorithm_Tutorial - INFO - 算法 'AStarSearch' 初始化完成
2025-08-05 21:00:32 - Algorithm_Tutorial - INFO - 算法 'AStarSearch' 初始化完成
2025-08-05 21:00:32 - Algorithm_Tutorial - INFO - 开始A*搜索: A -> D
2025-08-05 21:00:32 - Algorithm_Tutorial - INFO - 开始A*搜索: A -> D
2025-08-05 21:00:32 - Algorithm_Tutorial - INFO - 开始A*搜索: A -> D
2025-08-05 21:00:32 - Algorithm_Tutorial - INFO - 开始A*搜索: A -> D
2025-08-05 21:00:32 - Algorithm_Tutorial - INFO - 开始A*搜索: A -> D
2025-08-05 21:00:32 - Algorithm_Tutorial - INFO - 开始A*搜索: A -> D
2025-08-05 21:00:32 - Algorithm_Tutorial - INFO - 开始A*搜索: A -> D
2025-08-05 21:00:32 - Algorithm_Tutorial - INFO - 开始A*搜索: A -> D
2025-08-05 21:00:32 - Algorithm_Tutorial - INFO - 开始A*搜索: A -> D
2025-08-05 21:00:32 - Algorithm_Tutorial - INFO - 开始A*搜索: A -> D
2025-08-05 21:00:32 - Algorithm_Tutorial - INFO - A*搜索完成，找到路径: A -> B -> D
2025-08-05 21:00:32 - Algorithm_Tutorial - INFO - A*搜索完成，找到路径: A -> B -> D
2025-08-05 21:00:32 - Algorithm_Tutorial - INFO - A*搜索完成，找到路径: A -> B -> D
2025-08-05 21:00:32 - Algorithm_Tutorial - INFO - A*搜索完成，找到路径: A -> B -> D
2025-08-05 21:00:32 - Algorithm_Tutorial - INFO - A*搜索完成，找到路径: A -> B -> D
2025-08-05 21:00:32 - Algorithm_Tutorial - INFO - A*搜索完成，找到路径: A -> B -> D
2025-08-05 21:00:32 - Algorithm_Tutorial - INFO - A*搜索完成，找到路径: A -> B -> D
2025-08-05 21:00:32 - Algorithm_Tutorial - INFO - A*搜索完成，找到路径: A -> B -> D
2025-08-05 21:00:32 - Algorithm_Tutorial - INFO - A*搜索完成，找到路径: A -> B -> D
2025-08-05 21:00:32 - Algorithm_Tutorial - INFO - A*搜索完成，找到路径: A -> B -> D
2025-08-05 21:00:51 - Algorithm_Tutorial - INFO - 开始条件线性搜索
2025-08-05 21:00:51 - Algorithm_Tutorial - INFO - 找到满足条件的元素在位置 5: 11
2025-08-05 21:00:51 - Algorithm_Tutorial - INFO - 开始搜索所有出现位置，目标元素: 5
2025-08-05 21:00:51 - Algorithm_Tutorial - INFO - 找到 3 个目标元素 5
2025-08-05 21:00:51 - Algorithm_Tutorial - INFO - 算法 'BinarySearch' 初始化完成
2025-08-05 21:00:51 - Algorithm_Tutorial - INFO - 开始二分搜索，目标元素: 7
2025-08-05 21:00:51 - Algorithm_Tutorial - INFO - 找到目标元素 7 在位置 3
2025-08-05 21:00:51 - Algorithm_Tutorial - INFO - 找到目标元素 7 在位置 3
2025-08-05 21:00:51 - Algorithm_Tutorial - INFO - 开始二分搜索第一次出现位置，目标元素: 5
2025-08-05 21:00:51 - Algorithm_Tutorial - INFO - 开始二分搜索第一次出现位置，目标元素: 5
2025-08-05 21:00:51 - Algorithm_Tutorial - INFO - 找到目标元素 5 第一次出现在位置 2
2025-08-05 21:00:51 - Algorithm_Tutorial - INFO - 找到目标元素 5 第一次出现在位置 2
2025-08-05 21:00:51 - Algorithm_Tutorial - INFO - 开始二分搜索最后一次出现位置，目标元素: 5
2025-08-05 21:00:51 - Algorithm_Tutorial - INFO - 开始二分搜索最后一次出现位置，目标元素: 5
2025-08-05 21:00:51 - Algorithm_Tutorial - INFO - 找到目标元素 5 最后一次出现在位置 4
2025-08-05 21:00:51 - Algorithm_Tutorial - INFO - 找到目标元素 5 最后一次出现在位置 4
2025-08-05 21:00:51 - Algorithm_Tutorial - INFO - 算法 'JumpSearch' 初始化完成
2025-08-05 21:00:51 - Algorithm_Tutorial - INFO - 算法 'JumpSearch' 初始化完成
2025-08-05 21:00:51 - Algorithm_Tutorial - INFO - 开始跳跃搜索，目标元素: 11
2025-08-05 21:00:51 - Algorithm_Tutorial - INFO - 开始跳跃搜索，目标元素: 11
2025-08-05 21:00:51 - Algorithm_Tutorial - INFO - 跳跃步长: 3
2025-08-05 21:00:51 - Algorithm_Tutorial - INFO - 跳跃步长: 3
2025-08-05 21:00:51 - Algorithm_Tutorial - INFO - 跳跃步长: 3
2025-08-05 21:00:51 - Algorithm_Tutorial - INFO - 找到目标元素 11 在位置 5
2025-08-05 21:00:51 - Algorithm_Tutorial - INFO - 找到目标元素 11 在位置 5
2025-08-05 21:00:51 - Algorithm_Tutorial - INFO - 找到目标元素 11 在位置 5
2025-08-05 21:00:51 - Algorithm_Tutorial - INFO - 算法 'InterpolationSearch' 初始化完成
2025-08-05 21:00:51 - Algorithm_Tutorial - INFO - 算法 'InterpolationSearch' 初始化完成
2025-08-05 21:00:51 - Algorithm_Tutorial - INFO - 算法 'InterpolationSearch' 初始化完成
2025-08-05 21:00:51 - Algorithm_Tutorial - INFO - 开始插值搜索，目标元素: 11
2025-08-05 21:00:51 - Algorithm_Tutorial - INFO - 开始插值搜索，目标元素: 11
2025-08-05 21:00:51 - Algorithm_Tutorial - INFO - 开始插值搜索，目标元素: 11
2025-08-05 21:00:51 - Algorithm_Tutorial - INFO - 找到目标元素 11 在位置 5
2025-08-05 21:00:51 - Algorithm_Tutorial - INFO - 找到目标元素 11 在位置 5
2025-08-05 21:00:51 - Algorithm_Tutorial - INFO - 找到目标元素 11 在位置 5
2025-08-05 21:00:51 - Algorithm_Tutorial - INFO - 找到目标元素 11 在位置 5
2025-08-05 21:00:51 - Algorithm_Tutorial - INFO - 算法 'ExponentialSearch' 初始化完成
2025-08-05 21:00:51 - Algorithm_Tutorial - INFO - 算法 'ExponentialSearch' 初始化完成
2025-08-05 21:00:51 - Algorithm_Tutorial - INFO - 算法 'ExponentialSearch' 初始化完成
2025-08-05 21:00:51 - Algorithm_Tutorial - INFO - 算法 'ExponentialSearch' 初始化完成
2025-08-05 21:00:51 - Algorithm_Tutorial - INFO - 开始指数搜索，目标元素: 11
2025-08-05 21:00:51 - Algorithm_Tutorial - INFO - 开始指数搜索，目标元素: 11
2025-08-05 21:00:51 - Algorithm_Tutorial - INFO - 开始指数搜索，目标元素: 11
2025-08-05 21:00:51 - Algorithm_Tutorial - INFO - 开始指数搜索，目标元素: 11
2025-08-05 21:00:51 - Algorithm_Tutorial - INFO - 在范围 [4, 8] 内进行二分搜索
2025-08-05 21:00:51 - Algorithm_Tutorial - INFO - 在范围 [4, 8] 内进行二分搜索
2025-08-05 21:00:51 - Algorithm_Tutorial - INFO - 在范围 [4, 8] 内进行二分搜索
2025-08-05 21:00:51 - Algorithm_Tutorial - INFO - 在范围 [4, 8] 内进行二分搜索
2025-08-05 21:00:51 - Algorithm_Tutorial - INFO - 在范围 [4, 8] 内进行二分搜索
2025-08-05 21:00:51 - Algorithm_Tutorial - INFO - 找到目标元素 11 在位置 5
2025-08-05 21:00:51 - Algorithm_Tutorial - INFO - 找到目标元素 11 在位置 5
2025-08-05 21:00:51 - Algorithm_Tutorial - INFO - 找到目标元素 11 在位置 5
2025-08-05 21:00:51 - Algorithm_Tutorial - INFO - 找到目标元素 11 在位置 5
2025-08-05 21:00:51 - Algorithm_Tutorial - INFO - 找到目标元素 11 在位置 5
2025-08-05 21:00:51 - Algorithm_Tutorial - INFO - 开始无界指数搜索，目标元素: 11
2025-08-05 21:00:51 - Algorithm_Tutorial - INFO - 开始无界指数搜索，目标元素: 11
2025-08-05 21:00:51 - Algorithm_Tutorial - INFO - 开始无界指数搜索，目标元素: 11
2025-08-05 21:00:51 - Algorithm_Tutorial - INFO - 开始无界指数搜索，目标元素: 11
2025-08-05 21:00:51 - Algorithm_Tutorial - INFO - 开始无界指数搜索，目标元素: 11
2025-08-05 21:00:51 - Algorithm_Tutorial - INFO - 在范围 [4, 8] 内进行二分搜索
2025-08-05 21:00:51 - Algorithm_Tutorial - INFO - 在范围 [4, 8] 内进行二分搜索
2025-08-05 21:00:51 - Algorithm_Tutorial - INFO - 在范围 [4, 8] 内进行二分搜索
2025-08-05 21:00:51 - Algorithm_Tutorial - INFO - 在范围 [4, 8] 内进行二分搜索
2025-08-05 21:00:51 - Algorithm_Tutorial - INFO - 在范围 [4, 8] 内进行二分搜索
2025-08-05 21:00:51 - Algorithm_Tutorial - INFO - 找到目标元素 11 在位置 5
2025-08-05 21:00:51 - Algorithm_Tutorial - INFO - 找到目标元素 11 在位置 5
2025-08-05 21:00:51 - Algorithm_Tutorial - INFO - 找到目标元素 11 在位置 5
2025-08-05 21:00:51 - Algorithm_Tutorial - INFO - 找到目标元素 11 在位置 5
2025-08-05 21:00:51 - Algorithm_Tutorial - INFO - 找到目标元素 11 在位置 5
2025-08-05 21:00:51 - Algorithm_Tutorial - INFO - 数据结构 'Graph' 初始化完成
2025-08-05 21:00:51 - Algorithm_Tutorial - INFO - 数据结构 'Graph' 初始化完成
2025-08-05 21:00:51 - Algorithm_Tutorial - INFO - 数据结构 'Graph' 初始化完成
2025-08-05 21:00:51 - Algorithm_Tutorial - INFO - 数据结构 'Graph' 初始化完成
2025-08-05 21:00:51 - Algorithm_Tutorial - INFO - 数据结构 'Graph' 初始化完成
2025-08-05 21:00:51 - Algorithm_Tutorial - INFO - 添加顶点 A
2025-08-05 21:00:51 - Algorithm_Tutorial - INFO - 添加顶点 A
2025-08-05 21:00:51 - Algorithm_Tutorial - INFO - 添加顶点 A
2025-08-05 21:00:51 - Algorithm_Tutorial - INFO - 添加顶点 A
2025-08-05 21:00:51 - Algorithm_Tutorial - INFO - 添加顶点 A
2025-08-05 21:00:51 - Algorithm_Tutorial - INFO - 添加顶点 A
2025-08-05 21:00:51 - Algorithm_Tutorial - INFO - 添加顶点 B
2025-08-05 21:00:51 - Algorithm_Tutorial - INFO - 添加顶点 B
2025-08-05 21:00:51 - Algorithm_Tutorial - INFO - 添加顶点 B
2025-08-05 21:00:51 - Algorithm_Tutorial - INFO - 添加顶点 B
2025-08-05 21:00:51 - Algorithm_Tutorial - INFO - 添加顶点 B
2025-08-05 21:00:51 - Algorithm_Tutorial - INFO - 添加顶点 B
2025-08-05 21:00:51 - Algorithm_Tutorial - INFO - 添加顶点 C
2025-08-05 21:00:51 - Algorithm_Tutorial - INFO - 添加顶点 C
2025-08-05 21:00:51 - Algorithm_Tutorial - INFO - 添加顶点 C
2025-08-05 21:00:51 - Algorithm_Tutorial - INFO - 添加顶点 C
2025-08-05 21:00:51 - Algorithm_Tutorial - INFO - 添加顶点 C
2025-08-05 21:00:51 - Algorithm_Tutorial - INFO - 添加顶点 C
2025-08-05 21:00:51 - Algorithm_Tutorial - INFO - 添加顶点 D
2025-08-05 21:00:51 - Algorithm_Tutorial - INFO - 添加顶点 D
2025-08-05 21:00:51 - Algorithm_Tutorial - INFO - 添加顶点 D
2025-08-05 21:00:51 - Algorithm_Tutorial - INFO - 添加顶点 D
2025-08-05 21:00:51 - Algorithm_Tutorial - INFO - 添加顶点 D
2025-08-05 21:00:51 - Algorithm_Tutorial - INFO - 添加顶点 D
2025-08-05 21:00:51 - Algorithm_Tutorial - INFO - 添加顶点 E
2025-08-05 21:00:51 - Algorithm_Tutorial - INFO - 添加顶点 E
2025-08-05 21:00:51 - Algorithm_Tutorial - INFO - 添加顶点 E
2025-08-05 21:00:51 - Algorithm_Tutorial - INFO - 添加顶点 E
2025-08-05 21:00:51 - Algorithm_Tutorial - INFO - 添加顶点 E
2025-08-05 21:00:51 - Algorithm_Tutorial - INFO - 添加顶点 E
2025-08-05 21:00:51 - Algorithm_Tutorial - INFO - 添加顶点 F
2025-08-05 21:00:51 - Algorithm_Tutorial - INFO - 添加顶点 F
2025-08-05 21:00:51 - Algorithm_Tutorial - INFO - 添加顶点 F
2025-08-05 21:00:51 - Algorithm_Tutorial - INFO - 添加顶点 F
2025-08-05 21:00:51 - Algorithm_Tutorial - INFO - 添加顶点 F
2025-08-05 21:00:51 - Algorithm_Tutorial - INFO - 添加顶点 F
2025-08-05 21:00:51 - Algorithm_Tutorial - INFO - 添加边 A -> B (权重: 1)
2025-08-05 21:00:51 - Algorithm_Tutorial - INFO - 添加边 A -> B (权重: 1)
2025-08-05 21:00:51 - Algorithm_Tutorial - INFO - 添加边 A -> B (权重: 1)
2025-08-05 21:00:51 - Algorithm_Tutorial - INFO - 添加边 A -> B (权重: 1)
2025-08-05 21:00:51 - Algorithm_Tutorial - INFO - 添加边 A -> B (权重: 1)
2025-08-05 21:00:51 - Algorithm_Tutorial - INFO - 添加边 A -> B (权重: 1)
2025-08-05 21:00:51 - Algorithm_Tutorial - INFO - 添加边 A -> C (权重: 2)
2025-08-05 21:00:51 - Algorithm_Tutorial - INFO - 添加边 A -> C (权重: 2)
2025-08-05 21:00:51 - Algorithm_Tutorial - INFO - 添加边 A -> C (权重: 2)
2025-08-05 21:00:51 - Algorithm_Tutorial - INFO - 添加边 A -> C (权重: 2)
2025-08-05 21:00:51 - Algorithm_Tutorial - INFO - 添加边 A -> C (权重: 2)
2025-08-05 21:00:51 - Algorithm_Tutorial - INFO - 添加边 A -> C (权重: 2)
2025-08-05 21:00:51 - Algorithm_Tutorial - INFO - 添加边 B -> D (权重: 3)
2025-08-05 21:00:51 - Algorithm_Tutorial - INFO - 添加边 B -> D (权重: 3)
2025-08-05 21:00:51 - Algorithm_Tutorial - INFO - 添加边 B -> D (权重: 3)
2025-08-05 21:00:51 - Algorithm_Tutorial - INFO - 添加边 B -> D (权重: 3)
2025-08-05 21:00:51 - Algorithm_Tutorial - INFO - 添加边 B -> D (权重: 3)
2025-08-05 21:00:51 - Algorithm_Tutorial - INFO - 添加边 B -> D (权重: 3)
2025-08-05 21:00:51 - Algorithm_Tutorial - INFO - 添加边 B -> E (权重: 4)
2025-08-05 21:00:51 - Algorithm_Tutorial - INFO - 添加边 B -> E (权重: 4)
2025-08-05 21:00:51 - Algorithm_Tutorial - INFO - 添加边 B -> E (权重: 4)
2025-08-05 21:00:51 - Algorithm_Tutorial - INFO - 添加边 B -> E (权重: 4)
2025-08-05 21:00:51 - Algorithm_Tutorial - INFO - 添加边 B -> E (权重: 4)
2025-08-05 21:00:51 - Algorithm_Tutorial - INFO - 添加边 B -> E (权重: 4)
2025-08-05 21:00:51 - Algorithm_Tutorial - INFO - 添加边 C -> E (权重: 5)
2025-08-05 21:00:51 - Algorithm_Tutorial - INFO - 添加边 C -> E (权重: 5)
2025-08-05 21:00:51 - Algorithm_Tutorial - INFO - 添加边 C -> E (权重: 5)
2025-08-05 21:00:51 - Algorithm_Tutorial - INFO - 添加边 C -> E (权重: 5)
2025-08-05 21:00:51 - Algorithm_Tutorial - INFO - 添加边 C -> E (权重: 5)
2025-08-05 21:00:51 - Algorithm_Tutorial - INFO - 添加边 C -> E (权重: 5)
2025-08-05 21:00:51 - Algorithm_Tutorial - INFO - 添加边 D -> F (权重: 6)
2025-08-05 21:00:51 - Algorithm_Tutorial - INFO - 添加边 D -> F (权重: 6)
2025-08-05 21:00:51 - Algorithm_Tutorial - INFO - 添加边 D -> F (权重: 6)
2025-08-05 21:00:51 - Algorithm_Tutorial - INFO - 添加边 D -> F (权重: 6)
2025-08-05 21:00:51 - Algorithm_Tutorial - INFO - 添加边 D -> F (权重: 6)
2025-08-05 21:00:51 - Algorithm_Tutorial - INFO - 添加边 D -> F (权重: 6)
2025-08-05 21:00:51 - Algorithm_Tutorial - INFO - 添加边 E -> F (权重: 7)
2025-08-05 21:00:51 - Algorithm_Tutorial - INFO - 添加边 E -> F (权重: 7)
2025-08-05 21:00:51 - Algorithm_Tutorial - INFO - 添加边 E -> F (权重: 7)
2025-08-05 21:00:51 - Algorithm_Tutorial - INFO - 添加边 E -> F (权重: 7)
2025-08-05 21:00:51 - Algorithm_Tutorial - INFO - 添加边 E -> F (权重: 7)
2025-08-05 21:00:51 - Algorithm_Tutorial - INFO - 添加边 E -> F (权重: 7)
2025-08-05 21:00:51 - Algorithm_Tutorial - INFO - 算法 'DepthFirstSearch' 初始化完成
2025-08-05 21:00:51 - Algorithm_Tutorial - INFO - 算法 'DepthFirstSearch' 初始化完成
2025-08-05 21:00:51 - Algorithm_Tutorial - INFO - 算法 'DepthFirstSearch' 初始化完成
2025-08-05 21:00:51 - Algorithm_Tutorial - INFO - 算法 'DepthFirstSearch' 初始化完成
2025-08-05 21:00:51 - Algorithm_Tutorial - INFO - 算法 'DepthFirstSearch' 初始化完成
2025-08-05 21:00:51 - Algorithm_Tutorial - INFO - 算法 'DepthFirstSearch' 初始化完成
2025-08-05 21:00:51 - Algorithm_Tutorial - INFO - 开始深度优先搜索，起始顶点: A
2025-08-05 21:00:51 - Algorithm_Tutorial - INFO - 开始深度优先搜索，起始顶点: A
2025-08-05 21:00:51 - Algorithm_Tutorial - INFO - 开始深度优先搜索，起始顶点: A
2025-08-05 21:00:51 - Algorithm_Tutorial - INFO - 开始深度优先搜索，起始顶点: A
2025-08-05 21:00:51 - Algorithm_Tutorial - INFO - 开始深度优先搜索，起始顶点: A
2025-08-05 21:00:51 - Algorithm_Tutorial - INFO - 开始深度优先搜索，起始顶点: A
2025-08-05 21:00:51 - Algorithm_Tutorial - INFO - 深度优先搜索完成，访问了 6 个顶点
2025-08-05 21:00:51 - Algorithm_Tutorial - INFO - 深度优先搜索完成，访问了 6 个顶点
2025-08-05 21:00:51 - Algorithm_Tutorial - INFO - 深度优先搜索完成，访问了 6 个顶点
2025-08-05 21:00:51 - Algorithm_Tutorial - INFO - 深度优先搜索完成，访问了 6 个顶点
2025-08-05 21:00:51 - Algorithm_Tutorial - INFO - 深度优先搜索完成，访问了 6 个顶点
2025-08-05 21:00:51 - Algorithm_Tutorial - INFO - 深度优先搜索完成，访问了 6 个顶点
2025-08-05 21:00:51 - Algorithm_Tutorial - INFO - 开始查找路径: A -> F
2025-08-05 21:00:51 - Algorithm_Tutorial - INFO - 开始查找路径: A -> F
2025-08-05 21:00:51 - Algorithm_Tutorial - INFO - 开始查找路径: A -> F
2025-08-05 21:00:51 - Algorithm_Tutorial - INFO - 开始查找路径: A -> F
2025-08-05 21:00:51 - Algorithm_Tutorial - INFO - 开始查找路径: A -> F
2025-08-05 21:00:51 - Algorithm_Tutorial - INFO - 开始查找路径: A -> F
2025-08-05 21:00:51 - Algorithm_Tutorial - INFO - 开始查找路径: A -> F
2025-08-05 21:00:51 - Algorithm_Tutorial - INFO - 找到路径: A -> B -> D -> F
2025-08-05 21:00:51 - Algorithm_Tutorial - INFO - 找到路径: A -> B -> D -> F
2025-08-05 21:00:51 - Algorithm_Tutorial - INFO - 找到路径: A -> B -> D -> F
2025-08-05 21:00:51 - Algorithm_Tutorial - INFO - 找到路径: A -> B -> D -> F
2025-08-05 21:00:51 - Algorithm_Tutorial - INFO - 找到路径: A -> B -> D -> F
2025-08-05 21:00:51 - Algorithm_Tutorial - INFO - 找到路径: A -> B -> D -> F
2025-08-05 21:00:51 - Algorithm_Tutorial - INFO - 找到路径: A -> B -> D -> F
2025-08-05 21:00:51 - Algorithm_Tutorial - INFO - 算法 'BreadthFirstSearch' 初始化完成
2025-08-05 21:00:51 - Algorithm_Tutorial - INFO - 算法 'BreadthFirstSearch' 初始化完成
2025-08-05 21:00:51 - Algorithm_Tutorial - INFO - 算法 'BreadthFirstSearch' 初始化完成
2025-08-05 21:00:51 - Algorithm_Tutorial - INFO - 算法 'BreadthFirstSearch' 初始化完成
2025-08-05 21:00:51 - Algorithm_Tutorial - INFO - 算法 'BreadthFirstSearch' 初始化完成
2025-08-05 21:00:51 - Algorithm_Tutorial - INFO - 算法 'BreadthFirstSearch' 初始化完成
2025-08-05 21:00:51 - Algorithm_Tutorial - INFO - 算法 'BreadthFirstSearch' 初始化完成
2025-08-05 21:00:51 - Algorithm_Tutorial - INFO - 开始广度优先搜索，起始顶点: A
2025-08-05 21:00:51 - Algorithm_Tutorial - INFO - 开始广度优先搜索，起始顶点: A
2025-08-05 21:00:51 - Algorithm_Tutorial - INFO - 开始广度优先搜索，起始顶点: A
2025-08-05 21:00:51 - Algorithm_Tutorial - INFO - 开始广度优先搜索，起始顶点: A
2025-08-05 21:00:51 - Algorithm_Tutorial - INFO - 开始广度优先搜索，起始顶点: A
2025-08-05 21:00:51 - Algorithm_Tutorial - INFO - 开始广度优先搜索，起始顶点: A
2025-08-05 21:00:51 - Algorithm_Tutorial - INFO - 开始广度优先搜索，起始顶点: A
2025-08-05 21:00:51 - Algorithm_Tutorial - INFO - 开始广度优先搜索，起始顶点: A
2025-08-05 21:00:51 - Algorithm_Tutorial - INFO - 广度优先搜索完成，访问了 6 个顶点
2025-08-05 21:00:51 - Algorithm_Tutorial - INFO - 广度优先搜索完成，访问了 6 个顶点
2025-08-05 21:00:51 - Algorithm_Tutorial - INFO - 广度优先搜索完成，访问了 6 个顶点
2025-08-05 21:00:51 - Algorithm_Tutorial - INFO - 广度优先搜索完成，访问了 6 个顶点
2025-08-05 21:00:51 - Algorithm_Tutorial - INFO - 广度优先搜索完成，访问了 6 个顶点
2025-08-05 21:00:51 - Algorithm_Tutorial - INFO - 广度优先搜索完成，访问了 6 个顶点
2025-08-05 21:00:51 - Algorithm_Tutorial - INFO - 广度优先搜索完成，访问了 6 个顶点
2025-08-05 21:00:51 - Algorithm_Tutorial - INFO - 广度优先搜索完成，访问了 6 个顶点
2025-08-05 21:00:51 - Algorithm_Tutorial - INFO - 开始查找最短路径: A -> F
2025-08-05 21:00:51 - Algorithm_Tutorial - INFO - 开始查找最短路径: A -> F
2025-08-05 21:00:51 - Algorithm_Tutorial - INFO - 开始查找最短路径: A -> F
2025-08-05 21:00:51 - Algorithm_Tutorial - INFO - 开始查找最短路径: A -> F
2025-08-05 21:00:51 - Algorithm_Tutorial - INFO - 开始查找最短路径: A -> F
2025-08-05 21:00:51 - Algorithm_Tutorial - INFO - 开始查找最短路径: A -> F
2025-08-05 21:00:51 - Algorithm_Tutorial - INFO - 开始查找最短路径: A -> F
2025-08-05 21:00:51 - Algorithm_Tutorial - INFO - 开始查找最短路径: A -> F
2025-08-05 21:00:51 - Algorithm_Tutorial - INFO - 找到最短路径: A -> B -> D -> F，距离: 10
2025-08-05 21:00:51 - Algorithm_Tutorial - INFO - 找到最短路径: A -> B -> D -> F，距离: 10
2025-08-05 21:00:51 - Algorithm_Tutorial - INFO - 找到最短路径: A -> B -> D -> F，距离: 10
2025-08-05 21:00:51 - Algorithm_Tutorial - INFO - 找到最短路径: A -> B -> D -> F，距离: 10
2025-08-05 21:00:51 - Algorithm_Tutorial - INFO - 找到最短路径: A -> B -> D -> F，距离: 10
2025-08-05 21:00:51 - Algorithm_Tutorial - INFO - 找到最短路径: A -> B -> D -> F，距离: 10
2025-08-05 21:00:51 - Algorithm_Tutorial - INFO - 找到最短路径: A -> B -> D -> F，距离: 10
2025-08-05 21:00:51 - Algorithm_Tutorial - INFO - 找到最短路径: A -> B -> D -> F，距离: 10
2025-08-05 21:00:51 - Algorithm_Tutorial - INFO - 数据结构 'Graph' 初始化完成
2025-08-05 21:00:51 - Algorithm_Tutorial - INFO - 数据结构 'Graph' 初始化完成
2025-08-05 21:00:51 - Algorithm_Tutorial - INFO - 数据结构 'Graph' 初始化完成
2025-08-05 21:00:51 - Algorithm_Tutorial - INFO - 数据结构 'Graph' 初始化完成
2025-08-05 21:00:51 - Algorithm_Tutorial - INFO - 数据结构 'Graph' 初始化完成
2025-08-05 21:00:51 - Algorithm_Tutorial - INFO - 数据结构 'Graph' 初始化完成
2025-08-05 21:00:51 - Algorithm_Tutorial - INFO - 数据结构 'Graph' 初始化完成
2025-08-05 21:00:51 - Algorithm_Tutorial - INFO - 数据结构 'Graph' 初始化完成
2025-08-05 21:00:51 - Algorithm_Tutorial - INFO - 添加顶点 A
2025-08-05 21:00:51 - Algorithm_Tutorial - INFO - 添加顶点 A
2025-08-05 21:00:51 - Algorithm_Tutorial - INFO - 添加顶点 A
2025-08-05 21:00:51 - Algorithm_Tutorial - INFO - 添加顶点 A
2025-08-05 21:00:51 - Algorithm_Tutorial - INFO - 添加顶点 A
2025-08-05 21:00:51 - Algorithm_Tutorial - INFO - 添加顶点 A
2025-08-05 21:00:51 - Algorithm_Tutorial - INFO - 添加顶点 A
2025-08-05 21:00:51 - Algorithm_Tutorial - INFO - 添加顶点 A
2025-08-05 21:00:51 - Algorithm_Tutorial - INFO - 添加顶点 A
2025-08-05 21:00:51 - Algorithm_Tutorial - INFO - 添加顶点 B
2025-08-05 21:00:51 - Algorithm_Tutorial - INFO - 添加顶点 B
2025-08-05 21:00:51 - Algorithm_Tutorial - INFO - 添加顶点 B
2025-08-05 21:00:51 - Algorithm_Tutorial - INFO - 添加顶点 B
2025-08-05 21:00:51 - Algorithm_Tutorial - INFO - 添加顶点 B
2025-08-05 21:00:51 - Algorithm_Tutorial - INFO - 添加顶点 B
2025-08-05 21:00:51 - Algorithm_Tutorial - INFO - 添加顶点 B
2025-08-05 21:00:51 - Algorithm_Tutorial - INFO - 添加顶点 B
2025-08-05 21:00:51 - Algorithm_Tutorial - INFO - 添加顶点 B
2025-08-05 21:00:51 - Algorithm_Tutorial - INFO - 添加顶点 C
2025-08-05 21:00:51 - Algorithm_Tutorial - INFO - 添加顶点 C
2025-08-05 21:00:51 - Algorithm_Tutorial - INFO - 添加顶点 C
2025-08-05 21:00:51 - Algorithm_Tutorial - INFO - 添加顶点 C
2025-08-05 21:00:51 - Algorithm_Tutorial - INFO - 添加顶点 C
2025-08-05 21:00:51 - Algorithm_Tutorial - INFO - 添加顶点 C
2025-08-05 21:00:51 - Algorithm_Tutorial - INFO - 添加顶点 C
2025-08-05 21:00:51 - Algorithm_Tutorial - INFO - 添加顶点 C
2025-08-05 21:00:51 - Algorithm_Tutorial - INFO - 添加顶点 C
2025-08-05 21:00:51 - Algorithm_Tutorial - INFO - 添加顶点 D
2025-08-05 21:00:51 - Algorithm_Tutorial - INFO - 添加顶点 D
2025-08-05 21:00:51 - Algorithm_Tutorial - INFO - 添加顶点 D
2025-08-05 21:00:51 - Algorithm_Tutorial - INFO - 添加顶点 D
2025-08-05 21:00:51 - Algorithm_Tutorial - INFO - 添加顶点 D
2025-08-05 21:00:51 - Algorithm_Tutorial - INFO - 添加顶点 D
2025-08-05 21:00:51 - Algorithm_Tutorial - INFO - 添加顶点 D
2025-08-05 21:00:51 - Algorithm_Tutorial - INFO - 添加顶点 D
2025-08-05 21:00:51 - Algorithm_Tutorial - INFO - 添加顶点 D
2025-08-05 21:00:51 - Algorithm_Tutorial - INFO - 添加边 A -> B (权重: 1)
2025-08-05 21:00:51 - Algorithm_Tutorial - INFO - 添加边 A -> B (权重: 1)
2025-08-05 21:00:51 - Algorithm_Tutorial - INFO - 添加边 A -> B (权重: 1)
2025-08-05 21:00:51 - Algorithm_Tutorial - INFO - 添加边 A -> B (权重: 1)
2025-08-05 21:00:51 - Algorithm_Tutorial - INFO - 添加边 A -> B (权重: 1)
2025-08-05 21:00:51 - Algorithm_Tutorial - INFO - 添加边 A -> B (权重: 1)
2025-08-05 21:00:51 - Algorithm_Tutorial - INFO - 添加边 A -> B (权重: 1)
2025-08-05 21:00:51 - Algorithm_Tutorial - INFO - 添加边 A -> B (权重: 1)
2025-08-05 21:00:51 - Algorithm_Tutorial - INFO - 添加边 A -> B (权重: 1)
2025-08-05 21:00:51 - Algorithm_Tutorial - INFO - 添加边 A -> C (权重: 4)
2025-08-05 21:00:51 - Algorithm_Tutorial - INFO - 添加边 A -> C (权重: 4)
2025-08-05 21:00:51 - Algorithm_Tutorial - INFO - 添加边 A -> C (权重: 4)
2025-08-05 21:00:51 - Algorithm_Tutorial - INFO - 添加边 A -> C (权重: 4)
2025-08-05 21:00:51 - Algorithm_Tutorial - INFO - 添加边 A -> C (权重: 4)
2025-08-05 21:00:51 - Algorithm_Tutorial - INFO - 添加边 A -> C (权重: 4)
2025-08-05 21:00:51 - Algorithm_Tutorial - INFO - 添加边 A -> C (权重: 4)
2025-08-05 21:00:51 - Algorithm_Tutorial - INFO - 添加边 A -> C (权重: 4)
2025-08-05 21:00:51 - Algorithm_Tutorial - INFO - 添加边 A -> C (权重: 4)
2025-08-05 21:00:51 - Algorithm_Tutorial - INFO - 添加边 B -> D (权重: 2)
2025-08-05 21:00:51 - Algorithm_Tutorial - INFO - 添加边 B -> D (权重: 2)
2025-08-05 21:00:51 - Algorithm_Tutorial - INFO - 添加边 B -> D (权重: 2)
2025-08-05 21:00:51 - Algorithm_Tutorial - INFO - 添加边 B -> D (权重: 2)
2025-08-05 21:00:51 - Algorithm_Tutorial - INFO - 添加边 B -> D (权重: 2)
2025-08-05 21:00:51 - Algorithm_Tutorial - INFO - 添加边 B -> D (权重: 2)
2025-08-05 21:00:51 - Algorithm_Tutorial - INFO - 添加边 B -> D (权重: 2)
2025-08-05 21:00:51 - Algorithm_Tutorial - INFO - 添加边 B -> D (权重: 2)
2025-08-05 21:00:51 - Algorithm_Tutorial - INFO - 添加边 B -> D (权重: 2)
2025-08-05 21:00:51 - Algorithm_Tutorial - INFO - 添加边 C -> D (权重: 1)
2025-08-05 21:00:51 - Algorithm_Tutorial - INFO - 添加边 C -> D (权重: 1)
2025-08-05 21:00:51 - Algorithm_Tutorial - INFO - 添加边 C -> D (权重: 1)
2025-08-05 21:00:51 - Algorithm_Tutorial - INFO - 添加边 C -> D (权重: 1)
2025-08-05 21:00:51 - Algorithm_Tutorial - INFO - 添加边 C -> D (权重: 1)
2025-08-05 21:00:51 - Algorithm_Tutorial - INFO - 添加边 C -> D (权重: 1)
2025-08-05 21:00:51 - Algorithm_Tutorial - INFO - 添加边 C -> D (权重: 1)
2025-08-05 21:00:51 - Algorithm_Tutorial - INFO - 添加边 C -> D (权重: 1)
2025-08-05 21:00:51 - Algorithm_Tutorial - INFO - 添加边 C -> D (权重: 1)
2025-08-05 21:00:51 - Algorithm_Tutorial - INFO - 算法 'AStarSearch' 初始化完成
2025-08-05 21:00:51 - Algorithm_Tutorial - INFO - 算法 'AStarSearch' 初始化完成
2025-08-05 21:00:51 - Algorithm_Tutorial - INFO - 算法 'AStarSearch' 初始化完成
2025-08-05 21:00:51 - Algorithm_Tutorial - INFO - 算法 'AStarSearch' 初始化完成
2025-08-05 21:00:51 - Algorithm_Tutorial - INFO - 算法 'AStarSearch' 初始化完成
2025-08-05 21:00:51 - Algorithm_Tutorial - INFO - 算法 'AStarSearch' 初始化完成
2025-08-05 21:00:51 - Algorithm_Tutorial - INFO - 算法 'AStarSearch' 初始化完成
2025-08-05 21:00:51 - Algorithm_Tutorial - INFO - 算法 'AStarSearch' 初始化完成
2025-08-05 21:00:51 - Algorithm_Tutorial - INFO - 算法 'AStarSearch' 初始化完成
2025-08-05 21:00:51 - Algorithm_Tutorial - INFO - 开始A*搜索: A -> D
2025-08-05 21:00:51 - Algorithm_Tutorial - INFO - 开始A*搜索: A -> D
2025-08-05 21:00:51 - Algorithm_Tutorial - INFO - 开始A*搜索: A -> D
2025-08-05 21:00:51 - Algorithm_Tutorial - INFO - 开始A*搜索: A -> D
2025-08-05 21:00:51 - Algorithm_Tutorial - INFO - 开始A*搜索: A -> D
2025-08-05 21:00:51 - Algorithm_Tutorial - INFO - 开始A*搜索: A -> D
2025-08-05 21:00:51 - Algorithm_Tutorial - INFO - 开始A*搜索: A -> D
2025-08-05 21:00:51 - Algorithm_Tutorial - INFO - 开始A*搜索: A -> D
2025-08-05 21:00:51 - Algorithm_Tutorial - INFO - 开始A*搜索: A -> D
2025-08-05 21:00:51 - Algorithm_Tutorial - INFO - 开始A*搜索: A -> D
2025-08-05 21:00:51 - Algorithm_Tutorial - INFO - A*搜索完成，找到路径: A -> B -> D
2025-08-05 21:00:51 - Algorithm_Tutorial - INFO - A*搜索完成，找到路径: A -> B -> D
2025-08-05 21:00:51 - Algorithm_Tutorial - INFO - A*搜索完成，找到路径: A -> B -> D
2025-08-05 21:00:51 - Algorithm_Tutorial - INFO - A*搜索完成，找到路径: A -> B -> D
2025-08-05 21:00:51 - Algorithm_Tutorial - INFO - A*搜索完成，找到路径: A -> B -> D
2025-08-05 21:00:51 - Algorithm_Tutorial - INFO - A*搜索完成，找到路径: A -> B -> D
2025-08-05 21:00:51 - Algorithm_Tutorial - INFO - A*搜索完成，找到路径: A -> B -> D
2025-08-05 21:00:51 - Algorithm_Tutorial - INFO - A*搜索完成，找到路径: A -> B -> D
2025-08-05 21:00:51 - Algorithm_Tutorial - INFO - A*搜索完成，找到路径: A -> B -> D
2025-08-05 21:00:51 - Algorithm_Tutorial - INFO - A*搜索完成，找到路径: A -> B -> D
2025-08-05 21:00:51 - Algorithm_Tutorial - INFO - 开始A*搜索: A -> D
2025-08-05 21:00:51 - Algorithm_Tutorial - INFO - 开始A*搜索: A -> D
2025-08-05 21:00:51 - Algorithm_Tutorial - INFO - 开始A*搜索: A -> D
2025-08-05 21:00:51 - Algorithm_Tutorial - INFO - 开始A*搜索: A -> D
2025-08-05 21:00:51 - Algorithm_Tutorial - INFO - 开始A*搜索: A -> D
2025-08-05 21:00:51 - Algorithm_Tutorial - INFO - 开始A*搜索: A -> D
2025-08-05 21:00:51 - Algorithm_Tutorial - INFO - 开始A*搜索: A -> D
2025-08-05 21:00:51 - Algorithm_Tutorial - INFO - 开始A*搜索: A -> D
2025-08-05 21:00:51 - Algorithm_Tutorial - INFO - 开始A*搜索: A -> D
2025-08-05 21:00:51 - Algorithm_Tutorial - INFO - 开始A*搜索: A -> D
2025-08-05 21:00:51 - Algorithm_Tutorial - INFO - A*搜索完成，找到路径: A -> B -> D
2025-08-05 21:00:51 - Algorithm_Tutorial - INFO - A*搜索完成，找到路径: A -> B -> D
2025-08-05 21:00:51 - Algorithm_Tutorial - INFO - A*搜索完成，找到路径: A -> B -> D
2025-08-05 21:00:51 - Algorithm_Tutorial - INFO - A*搜索完成，找到路径: A -> B -> D
2025-08-05 21:00:51 - Algorithm_Tutorial - INFO - A*搜索完成，找到路径: A -> B -> D
2025-08-05 21:00:51 - Algorithm_Tutorial - INFO - A*搜索完成，找到路径: A -> B -> D
2025-08-05 21:00:51 - Algorithm_Tutorial - INFO - A*搜索完成，找到路径: A -> B -> D
2025-08-05 21:00:51 - Algorithm_Tutorial - INFO - A*搜索完成，找到路径: A -> B -> D
2025-08-05 21:00:51 - Algorithm_Tutorial - INFO - A*搜索完成，找到路径: A -> B -> D
2025-08-05 21:00:51 - Algorithm_Tutorial - INFO - A*搜索完成，找到路径: A -> B -> D
2025-08-05 21:00:51 - Algorithm_Tutorial - INFO - 算法 'LinearSearch' 初始化完成
2025-08-05 21:00:51 - Algorithm_Tutorial - INFO - 算法 'LinearSearch' 初始化完成
2025-08-05 21:00:51 - Algorithm_Tutorial - INFO - 算法 'LinearSearch' 初始化完成
2025-08-05 21:00:51 - Algorithm_Tutorial - INFO - 算法 'LinearSearch' 初始化完成
2025-08-05 21:00:51 - Algorithm_Tutorial - INFO - 算法 'LinearSearch' 初始化完成
2025-08-05 21:00:51 - Algorithm_Tutorial - INFO - 算法 'LinearSearch' 初始化完成
2025-08-05 21:00:51 - Algorithm_Tutorial - INFO - 算法 'LinearSearch' 初始化完成
2025-08-05 21:00:51 - Algorithm_Tutorial - INFO - 算法 'LinearSearch' 初始化完成
2025-08-05 21:00:51 - Algorithm_Tutorial - INFO - 算法 'LinearSearch' 初始化完成
2025-08-05 21:00:51 - Algorithm_Tutorial - INFO - 算法 'LinearSearch' 初始化完成
2025-08-05 21:00:51 - Algorithm_Tutorial - INFO - 开始线性搜索，目标元素: 500
2025-08-05 21:00:51 - Algorithm_Tutorial - INFO - 开始线性搜索，目标元素: 500
2025-08-05 21:00:51 - Algorithm_Tutorial - INFO - 开始线性搜索，目标元素: 500
2025-08-05 21:00:51 - Algorithm_Tutorial - INFO - 开始线性搜索，目标元素: 500
2025-08-05 21:00:51 - Algorithm_Tutorial - INFO - 开始线性搜索，目标元素: 500
2025-08-05 21:00:51 - Algorithm_Tutorial - INFO - 开始线性搜索，目标元素: 500
2025-08-05 21:00:51 - Algorithm_Tutorial - INFO - 开始线性搜索，目标元素: 500
2025-08-05 21:00:51 - Algorithm_Tutorial - INFO - 开始线性搜索，目标元素: 500
2025-08-05 21:00:51 - Algorithm_Tutorial - INFO - 开始线性搜索，目标元素: 500
2025-08-05 21:00:51 - Algorithm_Tutorial - INFO - 开始线性搜索，目标元素: 500
2025-08-05 21:00:51 - Algorithm_Tutorial - INFO - 开始线性搜索，目标元素: 500
2025-08-05 21:00:51 - Algorithm_Tutorial - INFO - 找到目标元素 500 在位置 500
2025-08-05 21:00:51 - Algorithm_Tutorial - INFO - 找到目标元素 500 在位置 500
2025-08-05 21:00:51 - Algorithm_Tutorial - INFO - 找到目标元素 500 在位置 500
2025-08-05 21:00:51 - Algorithm_Tutorial - INFO - 找到目标元素 500 在位置 500
2025-08-05 21:00:51 - Algorithm_Tutorial - INFO - 找到目标元素 500 在位置 500
2025-08-05 21:00:51 - Algorithm_Tutorial - INFO - 找到目标元素 500 在位置 500
2025-08-05 21:00:51 - Algorithm_Tutorial - INFO - 找到目标元素 500 在位置 500
2025-08-05 21:00:51 - Algorithm_Tutorial - INFO - 找到目标元素 500 在位置 500
2025-08-05 21:00:51 - Algorithm_Tutorial - INFO - 找到目标元素 500 在位置 500
2025-08-05 21:00:51 - Algorithm_Tutorial - INFO - 找到目标元素 500 在位置 500
2025-08-05 21:00:51 - Algorithm_Tutorial - INFO - 找到目标元素 500 在位置 500
2025-08-05 21:00:51 - Algorithm_Tutorial - INFO - 算法 'LinearSearch' 执行完成，耗时: 0.0008秒
2025-08-05 21:00:51 - Algorithm_Tutorial - INFO - 算法 'LinearSearch' 执行完成，耗时: 0.0008秒
2025-08-05 21:00:51 - Algorithm_Tutorial - INFO - 算法 'LinearSearch' 执行完成，耗时: 0.0008秒
2025-08-05 21:00:51 - Algorithm_Tutorial - INFO - 算法 'LinearSearch' 执行完成，耗时: 0.0008秒
2025-08-05 21:00:51 - Algorithm_Tutorial - INFO - 算法 'LinearSearch' 执行完成，耗时: 0.0008秒
2025-08-05 21:00:51 - Algorithm_Tutorial - INFO - 算法 'LinearSearch' 执行完成，耗时: 0.0008秒
2025-08-05 21:00:51 - Algorithm_Tutorial - INFO - 算法 'LinearSearch' 执行完成，耗时: 0.0008秒
2025-08-05 21:00:51 - Algorithm_Tutorial - INFO - 算法 'LinearSearch' 执行完成，耗时: 0.0008秒
2025-08-05 21:00:51 - Algorithm_Tutorial - INFO - 算法 'LinearSearch' 执行完成，耗时: 0.0008秒
2025-08-05 21:00:51 - Algorithm_Tutorial - INFO - 算法 'LinearSearch' 执行完成，耗时: 0.0008秒
2025-08-05 21:00:51 - Algorithm_Tutorial - INFO - 算法 'LinearSearch' 执行完成，耗时: 0.0008秒
