2025-08-05 20:57:00 - PyOS - INFO - 找到满足条件的元素在位置 5: 11
2025-08-05 20:57:00 - PyOS - INFO - 开始搜索所有出现位置，目标元素: 5
2025-08-05 20:57:00 - PyOS - INFO - 找到 3 个目标元素 5
2025-08-05 20:57:00 - PyOS - INFO - 算法 'BinarySearch' 初始化完成
2025-08-05 20:57:00 - PyOS - INFO - 开始二分搜索，目标元素: 7
2025-08-05 20:57:00 - PyOS - INFO - 找到目标元素 7 在位置 3
2025-08-05 20:57:00 - PyOS - INFO - 找到目标元素 7 在位置 3
2025-08-05 20:57:00 - PyOS - INFO - 开始二分搜索第一次出现位置，目标元素: 5
2025-08-05 20:57:00 - PyOS - INFO - 开始二分搜索第一次出现位置，目标元素: 5
2025-08-05 20:57:00 - PyOS - INFO - 找到目标元素 5 第一次出现在位置 2
2025-08-05 20:57:00 - PyOS - INFO - 找到目标元素 5 第一次出现在位置 2
2025-08-05 20:57:00 - PyOS - INFO - 开始二分搜索最后一次出现位置，目标元素: 5
2025-08-05 20:57:00 - PyOS - INFO - 开始二分搜索最后一次出现位置，目标元素: 5
2025-08-05 20:57:00 - PyOS - INFO - 找到目标元素 5 最后一次出现在位置 4
2025-08-05 20:57:00 - PyOS - INFO - 找到目标元素 5 最后一次出现在位置 4
2025-08-05 20:57:00 - PyOS - INFO - 算法 'JumpSearch' 初始化完成
2025-08-05 20:57:00 - PyOS - INFO - 算法 'JumpSearch' 初始化完成
2025-08-05 20:57:00 - PyOS - INFO - 开始跳跃搜索，目标元素: 11
2025-08-05 20:57:00 - PyOS - INFO - 开始跳跃搜索，目标元素: 11
2025-08-05 20:57:00 - PyOS - INFO - 跳跃步长: 3
2025-08-05 20:57:00 - PyOS - INFO - 跳跃步长: 3
2025-08-05 20:57:00 - PyOS - INFO - 跳跃步长: 3
2025-08-05 20:57:00 - PyOS - INFO - 找到目标元素 11 在位置 5
2025-08-05 20:57:00 - PyOS - INFO - 找到目标元素 11 在位置 5
2025-08-05 20:57:00 - PyOS - INFO - 找到目标元素 11 在位置 5
2025-08-05 20:57:00 - PyOS - INFO - 算法 'InterpolationSearch' 初始化完成
2025-08-05 20:57:00 - PyOS - INFO - 算法 'InterpolationSearch' 初始化完成
2025-08-05 20:57:00 - PyOS - INFO - 算法 'InterpolationSearch' 初始化完成
2025-08-05 20:57:00 - PyOS - INFO - 开始插值搜索，目标元素: 11
2025-08-05 20:57:00 - PyOS - INFO - 开始插值搜索，目标元素: 11
2025-08-05 20:57:00 - PyOS - INFO - 开始插值搜索，目标元素: 11
2025-08-05 20:57:00 - PyOS - INFO - 找到目标元素 11 在位置 5
2025-08-05 20:57:00 - PyOS - INFO - 找到目标元素 11 在位置 5
2025-08-05 20:57:00 - PyOS - INFO - 找到目标元素 11 在位置 5
2025-08-05 20:57:00 - PyOS - INFO - 算法 'ExponentialSearch' 初始化完成
2025-08-05 20:57:00 - PyOS - INFO - 算法 'ExponentialSearch' 初始化完成
2025-08-05 20:57:00 - PyOS - INFO - 算法 'ExponentialSearch' 初始化完成
2025-08-05 20:57:00 - PyOS - INFO - 算法 'ExponentialSearch' 初始化完成
2025-08-05 20:57:00 - PyOS - INFO - 开始指数搜索，目标元素: 11
2025-08-05 20:57:00 - PyOS - INFO - 开始指数搜索，目标元素: 11
2025-08-05 20:57:00 - PyOS - INFO - 开始指数搜索，目标元素: 11
2025-08-05 20:57:00 - PyOS - INFO - 开始指数搜索，目标元素: 11
2025-08-05 20:57:00 - PyOS - INFO - 在范围 [4, 8] 内进行二分搜索
2025-08-05 20:57:00 - PyOS - INFO - 在范围 [4, 8] 内进行二分搜索
2025-08-05 20:57:00 - PyOS - INFO - 在范围 [4, 8] 内进行二分搜索
2025-08-05 20:57:00 - PyOS - INFO - 在范围 [4, 8] 内进行二分搜索
2025-08-05 20:57:00 - PyOS - INFO - 在范围 [4, 8] 内进行二分搜索
2025-08-05 20:57:00 - PyOS - INFO - 找到目标元素 11 在位置 5
2025-08-05 20:57:00 - PyOS - INFO - 找到目标元素 11 在位置 5
2025-08-05 20:57:00 - PyOS - INFO - 找到目标元素 11 在位置 5
2025-08-05 20:57:00 - PyOS - INFO - 找到目标元素 11 在位置 5
2025-08-05 20:57:00 - PyOS - INFO - 找到目标元素 11 在位置 5
2025-08-05 20:57:00 - PyOS - INFO - 开始指数搜索，目标元素: 11
2025-08-05 20:57:00 - PyOS - INFO - 开始指数搜索，目标元素: 11
2025-08-05 20:57:00 - PyOS - INFO - 开始指数搜索，目标元素: 11
2025-08-05 20:57:00 - PyOS - INFO - 开始指数搜索，目标元素: 11
2025-08-05 20:57:00 - PyOS - INFO - 开始指数搜索，目标元素: 11
2025-08-05 20:57:00 - PyOS - ERROR - 指数搜索失败: object of type 'function' has no len()
2025-08-05 20:57:00 - PyOS - ERROR - 指数搜索失败: object of type 'function' has no len()
2025-08-05 20:57:00 - PyOS - ERROR - 指数搜索失败: object of type 'function' has no len()
2025-08-05 20:57:00 - PyOS - ERROR - 指数搜索失败: object of type 'function' has no len()
2025-08-05 20:57:00 - PyOS - ERROR - 指数搜索失败: object of type 'function' has no len()
